[2020-01-30 01:12:49] local.ERROR: SQLSTATE[42S02]: Base table or view not found: 1146 Table 'usersdb.password_resets' doesn't exist (SQL: delete from `password_resets` where `email` = nikolaeviclol@gmail.com) {"exception":"[object] (Illuminate\\Database\\QueryException(code: 42S02): SQLSTATE[42S02]: Base table or view not found: 1146 Table 'usersdb.password_resets' doesn't exist (SQL: delete from `password_resets` where `email` = nikolaeviclol@gmail.com) at C:\\Users\\Eduardo\\Desktop\\blog\\vendor\\laravel\\framework\\src\\Illuminate\\Database\\Connection.php:664, PDOException(code: 42S02): SQLSTATE[42S02]: Base table or view not found: 1146 Table 'usersdb.password_resets' doesn't exist at C:\\Users\\Eduardo\\Desktop\\blog\\vendor\\laravel\\framework\\src\\Illuminate\\Database\\Connection.php:479)
[stacktrace]
#0 C:\\Users\\Eduardo\\Desktop\\blog\\vendor\\laravel\\framework\\src\\Illuminate\\Database\\Connection.php(624): Illuminate\\Database\\Connection->runQueryCallback('delete from `pa...', Array, Object(Closure))
#1 C:\\Users\\Eduardo\\Desktop\\blog\\vendor\\laravel\\framework\\src\\Illuminate\\Database\\Connection.php(490): Illuminate\\Database\\Connection->run('delete from `pa...', Array, Object(Closure))
#2 C:\\Users\\Eduardo\\Desktop\\blog\\vendor\\laravel\\framework\\src\\Illuminate\\Database\\Connection.php(435): Illuminate\\Database\\Connection->affectingStatement('delete from `pa...', Array)
#3 C:\\Users\\Eduardo\\Desktop\\blog\\vendor\\laravel\\framework\\src\\Illuminate\\Database\\Query\\Builder.php(2804): Illuminate\\Database\\Connection->delete('delete from `pa...', Array)
#4 C:\\Users\\Eduardo\\Desktop\\blog\\vendor\\laravel\\framework\\src\\Illuminate\\Auth\\Passwords\\DatabaseTokenRepository.php(98): Illuminate\\Database\\Query\\Builder->delete()
#5 C:\\Users\\Eduardo\\Desktop\\blog\\vendor\\laravel\\framework\\src\\Illuminate\\Auth\\Passwords\\DatabaseTokenRepository.php(78): Illuminate\\Auth\\Passwords\\DatabaseTokenRepository->deleteExisting(Object(App\\User))
#6 C:\\Users\\Eduardo\\Desktop\\blog\\vendor\\laravel\\framework\\src\\Illuminate\\Auth\\Passwords\\PasswordBroker.php(70): Illuminate\\Auth\\Passwords\\DatabaseTokenRepository->create(Object(App\\User))
#7 C:\\Users\\Eduardo\\Desktop\\blog\\vendor\\laravel\\framework\\src\\Illuminate\\Foundation\\Auth\\SendsPasswordResetEmails.php(34): Illuminate\\Auth\\Passwords\\PasswordBroker->sendResetLink(Array)
#8 [internal function]: App\\Http\\Controllers\\Auth\\ForgotPasswordController->sendResetLinkEmail(Object(Illuminate\\Http\\Request))
#9 C:\\Users\\Eduardo\\Desktop\\blog\\vendor\\laravel\\framework\\src\\Illuminate\\Routing\\Controller.php(54): call_user_func_array(Array, Array)
#10 C:\\Users\\Eduardo\\Desktop\\blog\\vendor\\laravel\\framework\\src\\Illuminate\\Routing\\ControllerDispatcher.php(45): Illuminate\\Routing\\Controller->callAction('sendResetLinkEm...', Array)
#11 C:\\Users\\Eduardo\\Desktop\\blog\\vendor\\laravel\\framework\\src\\Illuminate\\Routing\\Route.php(219): Illuminate\\Routing\\ControllerDispatcher->dispatch(Object(Illuminate\\Routing\\Route), Object(App\\Http\\Controllers\\Auth\\ForgotPasswordController), 'sendResetLinkEm...')
#12 C:\\Users\\Eduardo\\Desktop\\blog\\vendor\\laravel\\framework\\src\\Illuminate\\Routing\\Route.php(176): Illuminate\\Routing\\Route->runController()
#13 C:\\Users\\Eduardo\\Desktop\\blog\\vendor\\laravel\\framework\\src\\Illuminate\\Routing\\Router.php(680): Illuminate\\Routing\\Route->run()
#14 C:\\Users\\Eduardo\\Desktop\\blog\\vendor\\laravel\\framework\\src\\Illuminate\\Routing\\Pipeline.php(30): Illuminate\\Routing\\Router->Illuminate\\Routing\\{closure}(Object(Illuminate\\Http\\Request))
#15 C:\\Users\\Eduardo\\Desktop\\blog\\app\\Http\\Middleware\\RedirectIfAuthenticated.php(24): Illuminate\\Routing\\Pipeline->Illuminate\\Routing\\{closure}(Object(Illuminate\\Http\\Request))
#16 C:\\Users\\Eduardo\\Desktop\\blog\\vendor\\laravel\\framework\\src\\Illuminate\\Pipeline\\Pipeline.php(163): App\\Http\\Middleware\\RedirectIfAuthenticated->handle(Object(Illuminate\\Http\\Request), Object(Closure))
#17 C:\\Users\\Eduardo\\Desktop\\blog\\vendor\\laravel\\framework\\src\\Illuminate\\Routing\\Pipeline.php(53): Illuminate\\Pipeline\\Pipeline->Illuminate\\Pipeline\\{closure}(Object(Illuminate\\Http\\Request))
#18 C:\\Users\\Eduardo\\Desktop\\blog\\vendor\\laravel\\framework\\src\\Illuminate\\Routing\\Middleware\\SubstituteBindings.php(41): Illuminate\\Routing\\Pipeline->Illuminate\\Routing\\{closure}(Object(Illuminate\\Http\\Request))
#19 C:\\Users\\Eduardo\\Desktop\\blog\\vendor\\laravel\\framework\\src\\Illuminate\\Pipeline\\Pipeline.php(163): Illuminate\\Routing\\Middleware\\SubstituteBindings->handle(Object(Illuminate\\Http\\Request), Object(Closure))
#20 C:\\Users\\Eduardo\\Desktop\\blog\\vendor\\laravel\\framework\\src\\Illuminate\\Routing\\Pipeline.php(53): Illuminate\\Pipeline\\Pipeline->Illuminate\\Pipeline\\{closure}(Object(Illuminate\\Http\\Request))
#21 C:\\Users\\Eduardo\\Desktop\\blog\\vendor\\laravel\\framework\\src\\Illuminate\\Foundation\\Http\\Middleware\\VerifyCsrfToken.php(75): Illuminate\\Routing\\Pipeline->Illuminate\\Routing\\{closure}(Object(Illuminate\\Http\\Request))
#22 C:\\Users\\Eduardo\\Desktop\\blog\\vendor\\laravel\\framework\\src\\Illuminate\\Pipeline\\Pipeline.php(163): Illuminate\\Foundation\\Http\\Middleware\\VerifyCsrfToken->handle(Object(Illuminate\\Http\\Request), Object(Closure))
#23 C:\\Users\\Eduardo\\Desktop\\blog\\vendor\\laravel\\framework\\src\\Illuminate\\Routing\\Pipeline.php(53): Illuminate\\Pipeline\\Pipeline->Illuminate\\Pipeline\\{closure}(Object(Illuminate\\Http\\Request))
#24 C:\\Users\\Eduardo\\Desktop\\blog\\vendor\\laravel\\framework\\src\\Illuminate\\View\\Middleware\\ShareErrorsFromSession.php(49): Illuminate\\Routing\\Pipeline->Illuminate\\Routing\\{closure}(Object(Illuminate\\Http\\Request))
#25 C:\\Users\\Eduardo\\Desktop\\blog\\vendor\\laravel\\framework\\src\\Illuminate\\Pipeline\\Pipeline.php(163): Illuminate\\View\\Middleware\\ShareErrorsFromSession->handle(Object(Illuminate\\Http\\Request), Object(Closure))
#26 C:\\Users\\Eduardo\\Desktop\\blog\\vendor\\laravel\\framework\\src\\Illuminate\\Routing\\Pipeline.php(53): Illuminate\\Pipeline\\Pipeline->Illuminate\\Pipeline\\{closure}(Object(Illuminate\\Http\\Request))
#27 C:\\Users\\Eduardo\\Desktop\\blog\\vendor\\laravel\\framework\\src\\Illuminate\\Session\\Middleware\\StartSession.php(56): Illuminate\\Routing\\Pipeline->Illuminate\\Routing\\{closure}(Object(Illuminate\\Http\\Request))
#28 C:\\Users\\Eduardo\\Desktop\\blog\\vendor\\laravel\\framework\\src\\Illuminate\\Pipeline\\Pipeline.php(163): Illuminate\\Session\\Middleware\\StartSession->handle(Object(Illuminate\\Http\\Request), Object(Closure))
#29 C:\\Users\\Eduardo\\Desktop\\blog\\vendor\\laravel\\framework\\src\\Illuminate\\Routing\\Pipeline.php(53): Illuminate\\Pipeline\\Pipeline->Illuminate\\Pipeline\\{closure}(Object(Illuminate\\Http\\Request))
#30 C:\\Users\\Eduardo\\Desktop\\blog\\vendor\\laravel\\framework\\src\\Illuminate\\Cookie\\Middleware\\AddQueuedCookiesToResponse.php(37): Illuminate\\Routing\\Pipeline->Illuminate\\Routing\\{closure}(Object(Illuminate\\Http\\Request))
#31 C:\\Users\\Eduardo\\Desktop\\blog\\vendor\\laravel\\framework\\src\\Illuminate\\Pipeline\\Pipeline.php(163): Illuminate\\Cookie\\Middleware\\AddQueuedCookiesToResponse->handle(Object(Illuminate\\Http\\Request), Object(Closure))
#32 C:\\Users\\Eduardo\\Desktop\\blog\\vendor\\laravel\\framework\\src\\Illuminate\\Routing\\Pipeline.php(53): Illuminate\\Pipeline\\Pipeline->Illuminate\\Pipeline\\{closure}(Object(Illuminate\\Http\\Request))
#33 C:\\Users\\Eduardo\\Desktop\\blog\\vendor\\laravel\\framework\\src\\Illuminate\\Cookie\\Middleware\\EncryptCookies.php(66): Illuminate\\Routing\\Pipeline->Illuminate\\Routing\\{closure}(Object(Illuminate\\Http\\Request))
#34 C:\\Users\\Eduardo\\Desktop\\blog\\vendor\\laravel\\framework\\src\\Illuminate\\Pipeline\\Pipeline.php(163): Illuminate\\Cookie\\Middleware\\EncryptCookies->handle(Object(Illuminate\\Http\\Request), Object(Closure))
#35 C:\\Users\\Eduardo\\Desktop\\blog\\vendor\\laravel\\framework\\src\\Illuminate\\Routing\\Pipeline.php(53): Illuminate\\Pipeline\\Pipeline->Illuminate\\Pipeline\\{closure}(Object(Illuminate\\Http\\Request))
#36 C:\\Users\\Eduardo\\Desktop\\blog\\vendor\\laravel\\framework\\src\\Illuminate\\Pipeline\\Pipeline.php(104): Illuminate\\Routing\\Pipeline->Illuminate\\Routing\\{closure}(Object(Illuminate\\Http\\Request))
#37 C:\\Users\\Eduardo\\Desktop\\blog\\vendor\\laravel\\framework\\src\\Illuminate\\Routing\\Router.php(682): Illuminate\\Pipeline\\Pipeline->then(Object(Closure))
#38 C:\\Users\\Eduardo\\Desktop\\blog\\vendor\\laravel\\framework\\src\\Illuminate\\Routing\\Router.php(657): Illuminate\\Routing\\Router->runRouteWithinStack(Object(Illuminate\\Routing\\Route), Object(Illuminate\\Http\\Request))
#39 C:\\Users\\Eduardo\\Desktop\\blog\\vendor\\laravel\\framework\\src\\Illuminate\\Routing\\Router.php(623): Illuminate\\Routing\\Router->runRoute(Object(Illuminate\\Http\\Request), Object(Illuminate\\Routing\\Route))
#40 C:\\Users\\Eduardo\\Desktop\\blog\\vendor\\laravel\\framework\\src\\Illuminate\\Routing\\Router.php(612): Illuminate\\Routing\\Router->dispatchToRoute(Object(Illuminate\\Http\\Request))
#41 C:\\Users\\Eduardo\\Desktop\\blog\\vendor\\laravel\\framework\\src\\Illuminate\\Foundation\\Http\\Kernel.php(176): Illuminate\\Routing\\Router->dispatch(Object(Illuminate\\Http\\Request))
#42 C:\\Users\\Eduardo\\Desktop\\blog\\vendor\\laravel\\framework\\src\\Illuminate\\Routing\\Pipeline.php(30): Illuminate\\Foundation\\Http\\Kernel->Illuminate\\Foundation\\Http\\{closure}(Object(Illuminate\\Http\\Request))
#43 C:\\Users\\Eduardo\\Desktop\\blog\\vendor\\laravel\\framework\\src\\Illuminate\\Foundation\\Http\\Middleware\\TransformsRequest.php(21): Illuminate\\Routing\\Pipeline->Illuminate\\Routing\\{closure}(Object(Illuminate\\Http\\Request))
#44 C:\\Users\\Eduardo\\Desktop\\blog\\vendor\\laravel\\framework\\src\\Illuminate\\Pipeline\\Pipeline.php(163): Illuminate\\Foundation\\Http\\Middleware\\TransformsRequest->handle(Object(Illuminate\\Http\\Request), Object(Closure))
#45 C:\\Users\\Eduardo\\Desktop\\blog\\vendor\\laravel\\framework\\src\\Illuminate\\Routing\\Pipeline.php(53): Illuminate\\Pipeline\\Pipeline->Illuminate\\Pipeline\\{closure}(Object(Illuminate\\Http\\Request))
#46 C:\\Users\\Eduardo\\Desktop\\blog\\vendor\\laravel\\framework\\src\\Illuminate\\Foundation\\Http\\Middleware\\TransformsRequest.php(21): Illuminate\\Routing\\Pipeline->Illuminate\\Routing\\{closure}(Object(Illuminate\\Http\\Request))
#47 C:\\Users\\Eduardo\\Desktop\\blog\\vendor\\laravel\\framework\\src\\Illuminate\\Pipeline\\Pipeline.php(163): Illuminate\\Foundation\\Http\\Middleware\\TransformsRequest->handle(Object(Illuminate\\Http\\Request), Object(Closure))
#48 C:\\Users\\Eduardo\\Desktop\\blog\\vendor\\laravel\\framework\\src\\Illuminate\\Routing\\Pipeline.php(53): Illuminate\\Pipeline\\Pipeline->Illuminate\\Pipeline\\{closure}(Object(Illuminate\\Http\\Request))
#49 C:\\Users\\Eduardo\\Desktop\\blog\\vendor\\laravel\\framework\\src\\Illuminate\\Foundation\\Http\\Middleware\\ValidatePostSize.php(27): Illuminate\\Routing\\Pipeline->Illuminate\\Routing\\{closure}(Object(Illuminate\\Http\\Request))
#50 C:\\Users\\Eduardo\\Desktop\\blog\\vendor\\laravel\\framework\\src\\Illuminate\\Pipeline\\Pipeline.php(163): Illuminate\\Foundation\\Http\\Middleware\\ValidatePostSize->handle(Object(Illuminate\\Http\\Request), Object(Closure))
#51 C:\\Users\\Eduardo\\Desktop\\blog\\vendor\\laravel\\framework\\src\\Illuminate\\Routing\\Pipeline.php(53): Illuminate\\Pipeline\\Pipeline->Illuminate\\Pipeline\\{closure}(Object(Illuminate\\Http\\Request))
#52 C:\\Users\\Eduardo\\Desktop\\blog\\vendor\\laravel\\framework\\src\\Illuminate\\Foundation\\Http\\Middleware\\CheckForMaintenanceMode.php(62): Illuminate\\Routing\\Pipeline->Illuminate\\Routing\\{closure}(Object(Illuminate\\Http\\Request))
#53 C:\\Users\\Eduardo\\Desktop\\blog\\vendor\\laravel\\framework\\src\\Illuminate\\Pipeline\\Pipeline.php(163): Illuminate\\Foundation\\Http\\Middleware\\CheckForMaintenanceMode->handle(Object(Illuminate\\Http\\Request), Object(Closure))
#54 C:\\Users\\Eduardo\\Desktop\\blog\\vendor\\laravel\\framework\\src\\Illuminate\\Routing\\Pipeline.php(53): Illuminate\\Pipeline\\Pipeline->Illuminate\\Pipeline\\{closure}(Object(Illuminate\\Http\\Request))
#55 C:\\Users\\Eduardo\\Desktop\\blog\\vendor\\fideloper\\proxy\\src\\TrustProxies.php(57): Illuminate\\Routing\\Pipeline->Illuminate\\Routing\\{closure}(Object(Illuminate\\Http\\Request))
#56 C:\\Users\\Eduardo\\Desktop\\blog\\vendor\\laravel\\framework\\src\\Illuminate\\Pipeline\\Pipeline.php(163): Fideloper\\Proxy\\TrustProxies->handle(Object(Illuminate\\Http\\Request), Object(Closure))
#57 C:\\Users\\Eduardo\\Desktop\\blog\\vendor\\laravel\\framework\\src\\Illuminate\\Routing\\Pipeline.php(53): Illuminate\\Pipeline\\Pipeline->Illuminate\\Pipeline\\{closure}(Object(Illuminate\\Http\\Request))
#58 C:\\Users\\Eduardo\\Desktop\\blog\\vendor\\laravel\\framework\\src\\Illuminate\\Pipeline\\Pipeline.php(104): Illuminate\\Routing\\Pipeline->Illuminate\\Routing\\{closure}(Object(Illuminate\\Http\\Request))
#59 C:\\Users\\Eduardo\\Desktop\\blog\\vendor\\laravel\\framework\\src\\Illuminate\\Foundation\\Http\\Kernel.php(151): Illuminate\\Pipeline\\Pipeline->then(Object(Closure))
#60 C:\\Users\\Eduardo\\Desktop\\blog\\vendor\\laravel\\framework\\src\\Illuminate\\Foundation\\Http\\Kernel.php(116): Illuminate\\Foundation\\Http\\Kernel->sendRequestThroughRouter(Object(Illuminate\\Http\\Request))
#61 C:\\Users\\Eduardo\\Desktop\\blog\\public\\index.php(55): Illuminate\\Foundation\\Http\\Kernel->handle(Object(Illuminate\\Http\\Request))
#62 C:\\Users\\Eduardo\\Desktop\\blog\\server.php(21): require_once('C:\\\\Users\\\\Eduard...')
#63 {main}
"} 
[2020-01-30 01:15:22] local.ERROR: SQLSTATE[42S22]: Column not found: 1054 Unknown column 'token' in 'field list' (SQL: insert into `password_resets` (`email`, `token`, `created_at`) values (nikolaeviclol@gmail.com, $2y$10$kMZKbvjrNiAS/PhgxDyEN.D.oJBE5vc3GDhOMu5Ye8WmGFImVX8dm, 2020-01-30 01:15:22)) {"exception":"[object] (Illuminate\\Database\\QueryException(code: 42S22): SQLSTATE[42S22]: Column not found: 1054 Unknown column 'token' in 'field list' (SQL: insert into `password_resets` (`email`, `token`, `created_at`) values (nikolaeviclol@gmail.com, $2y$10$kMZKbvjrNiAS/PhgxDyEN.D.oJBE5vc3GDhOMu5Ye8WmGFImVX8dm, 2020-01-30 01:15:22)) at C:\\Users\\Eduardo\\Desktop\\blog\\vendor\\laravel\\framework\\src\\Illuminate\\Database\\Connection.php:664, PDOException(code: 42S22): SQLSTATE[42S22]: Column not found: 1054 Unknown column 'token' in 'field list' at C:\\Users\\Eduardo\\Desktop\\blog\\vendor\\laravel\\framework\\src\\Illuminate\\Database\\Connection.php:452)
[stacktrace]
#0 C:\\Users\\Eduardo\\Desktop\\blog\\vendor\\laravel\\framework\\src\\Illuminate\\Database\\Connection.php(624): Illuminate\\Database\\Connection->runQueryCallback('insert into `pa...', Array, Object(Closure))
#1 C:\\Users\\Eduardo\\Desktop\\blog\\vendor\\laravel\\framework\\src\\Illuminate\\Database\\Connection.php(459): Illuminate\\Database\\Connection->run('insert into `pa...', Array, Object(Closure))
#2 C:\\Users\\Eduardo\\Desktop\\blog\\vendor\\laravel\\framework\\src\\Illuminate\\Database\\Connection.php(411): Illuminate\\Database\\Connection->statement('insert into `pa...', Array)
#3 C:\\Users\\Eduardo\\Desktop\\blog\\vendor\\laravel\\framework\\src\\Illuminate\\Database\\Query\\Builder.php(2646): Illuminate\\Database\\Connection->insert('insert into `pa...', Array)
#4 C:\\Users\\Eduardo\\Desktop\\blog\\vendor\\laravel\\framework\\src\\Illuminate\\Auth\\Passwords\\DatabaseTokenRepository.php(85): Illuminate\\Database\\Query\\Builder->insert(Array)
#5 C:\\Users\\Eduardo\\Desktop\\blog\\vendor\\laravel\\framework\\src\\Illuminate\\Auth\\Passwords\\PasswordBroker.php(70): Illuminate\\Auth\\Passwords\\DatabaseTokenRepository->create(Object(App\\User))
#6 C:\\Users\\Eduardo\\Desktop\\blog\\vendor\\laravel\\framework\\src\\Illuminate\\Foundation\\Auth\\SendsPasswordResetEmails.php(34): Illuminate\\Auth\\Passwords\\PasswordBroker->sendResetLink(Array)
#7 [internal function]: App\\Http\\Controllers\\Auth\\ForgotPasswordController->sendResetLinkEmail(Object(Illuminate\\Http\\Request))
#8 C:\\Users\\Eduardo\\Desktop\\blog\\vendor\\laravel\\framework\\src\\Illuminate\\Routing\\Controller.php(54): call_user_func_array(Array, Array)
#9 C:\\Users\\Eduardo\\Desktop\\blog\\vendor\\laravel\\framework\\src\\Illuminate\\Routing\\ControllerDispatcher.php(45): Illuminate\\Routing\\Controller->callAction('sendResetLinkEm...', Array)
#10 C:\\Users\\Eduardo\\Desktop\\blog\\vendor\\laravel\\framework\\src\\Illuminate\\Routing\\Route.php(219): Illuminate\\Routing\\ControllerDispatcher->dispatch(Object(Illuminate\\Routing\\Route), Object(App\\Http\\Controllers\\Auth\\ForgotPasswordController), 'sendResetLinkEm...')
#11 C:\\Users\\Eduardo\\Desktop\\blog\\vendor\\laravel\\framework\\src\\Illuminate\\Routing\\Route.php(176): Illuminate\\Routing\\Route->runController()
#12 C:\\Users\\Eduardo\\Desktop\\blog\\vendor\\laravel\\framework\\src\\Illuminate\\Routing\\Router.php(680): Illuminate\\Routing\\Route->run()
#13 C:\\Users\\Eduardo\\Desktop\\blog\\vendor\\laravel\\framework\\src\\Illuminate\\Routing\\Pipeline.php(30): Illuminate\\Routing\\Router->Illuminate\\Routing\\{closure}(Object(Illuminate\\Http\\Request))
#14 C:\\Users\\Eduardo\\Desktop\\blog\\app\\Http\\Middleware\\RedirectIfAuthenticated.php(24): Illuminate\\Routing\\Pipeline->Illuminate\\Routing\\{closure}(Object(Illuminate\\Http\\Request))
#15 C:\\Users\\Eduardo\\Desktop\\blog\\vendor\\laravel\\framework\\src\\Illuminate\\Pipeline\\Pipeline.php(163): App\\Http\\Middleware\\RedirectIfAuthenticated->handle(Object(Illuminate\\Http\\Request), Object(Closure))
#16 C:\\Users\\Eduardo\\Desktop\\blog\\vendor\\laravel\\framework\\src\\Illuminate\\Routing\\Pipeline.php(53): Illuminate\\Pipeline\\Pipeline->Illuminate\\Pipeline\\{closure}(Object(Illuminate\\Http\\Request))
#17 C:\\Users\\Eduardo\\Desktop\\blog\\vendor\\laravel\\framework\\src\\Illuminate\\Routing\\Middleware\\SubstituteBindings.php(41): Illuminate\\Routing\\Pipeline->Illuminate\\Routing\\{closure}(Object(Illuminate\\Http\\Request))
#18 C:\\Users\\Eduardo\\Desktop\\blog\\vendor\\laravel\\framework\\src\\Illuminate\\Pipeline\\Pipeline.php(163): Illuminate\\Routing\\Middleware\\SubstituteBindings->handle(Object(Illuminate\\Http\\Request), Object(Closure))
#19 C:\\Users\\Eduardo\\Desktop\\blog\\vendor\\laravel\\framework\\src\\Illuminate\\Routing\\Pipeline.php(53): Illuminate\\Pipeline\\Pipeline->Illuminate\\Pipeline\\{closure}(Object(Illuminate\\Http\\Request))
#20 C:\\Users\\Eduardo\\Desktop\\blog\\vendor\\laravel\\framework\\src\\Illuminate\\Foundation\\Http\\Middleware\\VerifyCsrfToken.php(75): Illuminate\\Routing\\Pipeline->Illuminate\\Routing\\{closure}(Object(Illuminate\\Http\\Request))
#21 C:\\Users\\Eduardo\\Desktop\\blog\\vendor\\laravel\\framework\\src\\Illuminate\\Pipeline\\Pipeline.php(163): Illuminate\\Foundation\\Http\\Middleware\\VerifyCsrfToken->handle(Object(Illuminate\\Http\\Request), Object(Closure))
#22 C:\\Users\\Eduardo\\Desktop\\blog\\vendor\\laravel\\framework\\src\\Illuminate\\Routing\\Pipeline.php(53): Illuminate\\Pipeline\\Pipeline->Illuminate\\Pipeline\\{closure}(Object(Illuminate\\Http\\Request))
#23 C:\\Users\\Eduardo\\Desktop\\blog\\vendor\\laravel\\framework\\src\\Illuminate\\View\\Middleware\\ShareErrorsFromSession.php(49): Illuminate\\Routing\\Pipeline->Illuminate\\Routing\\{closure}(Object(Illuminate\\Http\\Request))
#24 C:\\Users\\Eduardo\\Desktop\\blog\\vendor\\laravel\\framework\\src\\Illuminate\\Pipeline\\Pipeline.php(163): Illuminate\\View\\Middleware\\ShareErrorsFromSession->handle(Object(Illuminate\\Http\\Request), Object(Closure))
#25 C:\\Users\\Eduardo\\Desktop\\blog\\vendor\\laravel\\framework\\src\\Illuminate\\Routing\\Pipeline.php(53): Illuminate\\Pipeline\\Pipeline->Illuminate\\Pipeline\\{closure}(Object(Illuminate\\Http\\Request))
#26 C:\\Users\\Eduardo\\Desktop\\blog\\vendor\\laravel\\framework\\src\\Illuminate\\Session\\Middleware\\StartSession.php(56): Illuminate\\Routing\\Pipeline->Illuminate\\Routing\\{closure}(Object(Illuminate\\Http\\Request))
#27 C:\\Users\\Eduardo\\Desktop\\blog\\vendor\\laravel\\framework\\src\\Illuminate\\Pipeline\\Pipeline.php(163): Illuminate\\Session\\Middleware\\StartSession->handle(Object(Illuminate\\Http\\Request), Object(Closure))
#28 C:\\Users\\Eduardo\\Desktop\\blog\\vendor\\laravel\\framework\\src\\Illuminate\\Routing\\Pipeline.php(53): Illuminate\\Pipeline\\Pipeline->Illuminate\\Pipeline\\{closure}(Object(Illuminate\\Http\\Request))
#29 C:\\Users\\Eduardo\\Desktop\\blog\\vendor\\laravel\\framework\\src\\Illuminate\\Cookie\\Middleware\\AddQueuedCookiesToResponse.php(37): Illuminate\\Routing\\Pipeline->Illuminate\\Routing\\{closure}(Object(Illuminate\\Http\\Request))
#30 C:\\Users\\Eduardo\\Desktop\\blog\\vendor\\laravel\\framework\\src\\Illuminate\\Pipeline\\Pipeline.php(163): Illuminate\\Cookie\\Middleware\\AddQueuedCookiesToResponse->handle(Object(Illuminate\\Http\\Request), Object(Closure))
#31 C:\\Users\\Eduardo\\Desktop\\blog\\vendor\\laravel\\framework\\src\\Illuminate\\Routing\\Pipeline.php(53): Illuminate\\Pipeline\\Pipeline->Illuminate\\Pipeline\\{closure}(Object(Illuminate\\Http\\Request))
#32 C:\\Users\\Eduardo\\Desktop\\blog\\vendor\\laravel\\framework\\src\\Illuminate\\Cookie\\Middleware\\EncryptCookies.php(66): Illuminate\\Routing\\Pipeline->Illuminate\\Routing\\{closure}(Object(Illuminate\\Http\\Request))
#33 C:\\Users\\Eduardo\\Desktop\\blog\\vendor\\laravel\\framework\\src\\Illuminate\\Pipeline\\Pipeline.php(163): Illuminate\\Cookie\\Middleware\\EncryptCookies->handle(Object(Illuminate\\Http\\Request), Object(Closure))
#34 C:\\Users\\Eduardo\\Desktop\\blog\\vendor\\laravel\\framework\\src\\Illuminate\\Routing\\Pipeline.php(53): Illuminate\\Pipeline\\Pipeline->Illuminate\\Pipeline\\{closure}(Object(Illuminate\\Http\\Request))
#35 C:\\Users\\Eduardo\\Desktop\\blog\\vendor\\laravel\\framework\\src\\Illuminate\\Pipeline\\Pipeline.php(104): Illuminate\\Routing\\Pipeline->Illuminate\\Routing\\{closure}(Object(Illuminate\\Http\\Request))
#36 C:\\Users\\Eduardo\\Desktop\\blog\\vendor\\laravel\\framework\\src\\Illuminate\\Routing\\Router.php(682): Illuminate\\Pipeline\\Pipeline->then(Object(Closure))
#37 C:\\Users\\Eduardo\\Desktop\\blog\\vendor\\laravel\\framework\\src\\Illuminate\\Routing\\Router.php(657): Illuminate\\Routing\\Router->runRouteWithinStack(Object(Illuminate\\Routing\\Route), Object(Illuminate\\Http\\Request))
#38 C:\\Users\\Eduardo\\Desktop\\blog\\vendor\\laravel\\framework\\src\\Illuminate\\Routing\\Router.php(623): Illuminate\\Routing\\Router->runRoute(Object(Illuminate\\Http\\Request), Object(Illuminate\\Routing\\Route))
#39 C:\\Users\\Eduardo\\Desktop\\blog\\vendor\\laravel\\framework\\src\\Illuminate\\Routing\\Router.php(612): Illuminate\\Routing\\Router->dispatchToRoute(Object(Illuminate\\Http\\Request))
#40 C:\\Users\\Eduardo\\Desktop\\blog\\vendor\\laravel\\framework\\src\\Illuminate\\Foundation\\Http\\Kernel.php(176): Illuminate\\Routing\\Router->dispatch(Object(Illuminate\\Http\\Request))
#41 C:\\Users\\Eduardo\\Desktop\\blog\\vendor\\laravel\\framework\\src\\Illuminate\\Routing\\Pipeline.php(30): Illuminate\\Foundation\\Http\\Kernel->Illuminate\\Foundation\\Http\\{closure}(Object(Illuminate\\Http\\Request))
#42 C:\\Users\\Eduardo\\Desktop\\blog\\vendor\\laravel\\framework\\src\\Illuminate\\Foundation\\Http\\Middleware\\TransformsRequest.php(21): Illuminate\\Routing\\Pipeline->Illuminate\\Routing\\{closure}(Object(Illuminate\\Http\\Request))
#43 C:\\Users\\Eduardo\\Desktop\\blog\\vendor\\laravel\\framework\\src\\Illuminate\\Pipeline\\Pipeline.php(163): Illuminate\\Foundation\\Http\\Middleware\\TransformsRequest->handle(Object(Illuminate\\Http\\Request), Object(Closure))
#44 C:\\Users\\Eduardo\\Desktop\\blog\\vendor\\laravel\\framework\\src\\Illuminate\\Routing\\Pipeline.php(53): Illuminate\\Pipeline\\Pipeline->Illuminate\\Pipeline\\{closure}(Object(Illuminate\\Http\\Request))
#45 C:\\Users\\Eduardo\\Desktop\\blog\\vendor\\laravel\\framework\\src\\Illuminate\\Foundation\\Http\\Middleware\\TransformsRequest.php(21): Illuminate\\Routing\\Pipeline->Illuminate\\Routing\\{closure}(Object(Illuminate\\Http\\Request))
#46 C:\\Users\\Eduardo\\Desktop\\blog\\vendor\\laravel\\framework\\src\\Illuminate\\Pipeline\\Pipeline.php(163): Illuminate\\Foundation\\Http\\Middleware\\TransformsRequest->handle(Object(Illuminate\\Http\\Request), Object(Closure))
#47 C:\\Users\\Eduardo\\Desktop\\blog\\vendor\\laravel\\framework\\src\\Illuminate\\Routing\\Pipeline.php(53): Illuminate\\Pipeline\\Pipeline->Illuminate\\Pipeline\\{closure}(Object(Illuminate\\Http\\Request))
#48 C:\\Users\\Eduardo\\Desktop\\blog\\vendor\\laravel\\framework\\src\\Illuminate\\Foundation\\Http\\Middleware\\ValidatePostSize.php(27): Illuminate\\Routing\\Pipeline->Illuminate\\Routing\\{closure}(Object(Illuminate\\Http\\Request))
#49 C:\\Users\\Eduardo\\Desktop\\blog\\vendor\\laravel\\framework\\src\\Illuminate\\Pipeline\\Pipeline.php(163): Illuminate\\Foundation\\Http\\Middleware\\ValidatePostSize->handle(Object(Illuminate\\Http\\Request), Object(Closure))
#50 C:\\Users\\Eduardo\\Desktop\\blog\\vendor\\laravel\\framework\\src\\Illuminate\\Routing\\Pipeline.php(53): Illuminate\\Pipeline\\Pipeline->Illuminate\\Pipeline\\{closure}(Object(Illuminate\\Http\\Request))
#51 C:\\Users\\Eduardo\\Desktop\\blog\\vendor\\laravel\\framework\\src\\Illuminate\\Foundation\\Http\\Middleware\\CheckForMaintenanceMode.php(62): Illuminate\\Routing\\Pipeline->Illuminate\\Routing\\{closure}(Object(Illuminate\\Http\\Request))
#52 C:\\Users\\Eduardo\\Desktop\\blog\\vendor\\laravel\\framework\\src\\Illuminate\\Pipeline\\Pipeline.php(163): Illuminate\\Foundation\\Http\\Middleware\\CheckForMaintenanceMode->handle(Object(Illuminate\\Http\\Request), Object(Closure))
#53 C:\\Users\\Eduardo\\Desktop\\blog\\vendor\\laravel\\framework\\src\\Illuminate\\Routing\\Pipeline.php(53): Illuminate\\Pipeline\\Pipeline->Illuminate\\Pipeline\\{closure}(Object(Illuminate\\Http\\Request))
#54 C:\\Users\\Eduardo\\Desktop\\blog\\vendor\\fideloper\\proxy\\src\\TrustProxies.php(57): Illuminate\\Routing\\Pipeline->Illuminate\\Routing\\{closure}(Object(Illuminate\\Http\\Request))
#55 C:\\Users\\Eduardo\\Desktop\\blog\\vendor\\laravel\\framework\\src\\Illuminate\\Pipeline\\Pipeline.php(163): Fideloper\\Proxy\\TrustProxies->handle(Object(Illuminate\\Http\\Request), Object(Closure))
#56 C:\\Users\\Eduardo\\Desktop\\blog\\vendor\\laravel\\framework\\src\\Illuminate\\Routing\\Pipeline.php(53): Illuminate\\Pipeline\\Pipeline->Illuminate\\Pipeline\\{closure}(Object(Illuminate\\Http\\Request))
#57 C:\\Users\\Eduardo\\Desktop\\blog\\vendor\\laravel\\framework\\src\\Illuminate\\Pipeline\\Pipeline.php(104): Illuminate\\Routing\\Pipeline->Illuminate\\Routing\\{closure}(Object(Illuminate\\Http\\Request))
#58 C:\\Users\\Eduardo\\Desktop\\blog\\vendor\\laravel\\framework\\src\\Illuminate\\Foundation\\Http\\Kernel.php(151): Illuminate\\Pipeline\\Pipeline->then(Object(Closure))
#59 C:\\Users\\Eduardo\\Desktop\\blog\\vendor\\laravel\\framework\\src\\Illuminate\\Foundation\\Http\\Kernel.php(116): Illuminate\\Foundation\\Http\\Kernel->sendRequestThroughRouter(Object(Illuminate\\Http\\Request))
#60 C:\\Users\\Eduardo\\Desktop\\blog\\public\\index.php(55): Illuminate\\Foundation\\Http\\Kernel->handle(Object(Illuminate\\Http\\Request))
#61 C:\\Users\\Eduardo\\Desktop\\blog\\server.php(21): require_once('C:\\\\Users\\\\Eduard...')
#62 {main}
"} 
[2020-01-30 01:17:31] local.ERROR: SQLSTATE[22001]: String data, right truncated: 1406 Data too long for column 'token' at row 1 (SQL: insert into `password_resets` (`email`, `token`, `created_at`) values (nikolaeviclol@gmail.com, $2y$10$kYvCAwVhdw/pIuQVlyYFN.R0ySmuJI1G0p9W8gOeDn2UwDUoNEJSW, 2020-01-30 01:17:31)) {"exception":"[object] (Illuminate\\Database\\QueryException(code: 22001): SQLSTATE[22001]: String data, right truncated: 1406 Data too long for column 'token' at row 1 (SQL: insert into `password_resets` (`email`, `token`, `created_at`) values (nikolaeviclol@gmail.com, $2y$10$kYvCAwVhdw/pIuQVlyYFN.R0ySmuJI1G0p9W8gOeDn2UwDUoNEJSW, 2020-01-30 01:17:31)) at C:\\Users\\Eduardo\\Desktop\\blog\\vendor\\laravel\\framework\\src\\Illuminate\\Database\\Connection.php:664, PDOException(code: 22001): SQLSTATE[22001]: String data, right truncated: 1406 Data too long for column 'token' at row 1 at C:\\Users\\Eduardo\\Desktop\\blog\\vendor\\laravel\\framework\\src\\Illuminate\\Database\\Connection.php:458)
[stacktrace]
#0 C:\\Users\\Eduardo\\Desktop\\blog\\vendor\\laravel\\framework\\src\\Illuminate\\Database\\Connection.php(624): Illuminate\\Database\\Connection->runQueryCallback('insert into `pa...', Array, Object(Closure))
#1 C:\\Users\\Eduardo\\Desktop\\blog\\vendor\\laravel\\framework\\src\\Illuminate\\Database\\Connection.php(459): Illuminate\\Database\\Connection->run('insert into `pa...', Array, Object(Closure))
#2 C:\\Users\\Eduardo\\Desktop\\blog\\vendor\\laravel\\framework\\src\\Illuminate\\Database\\Connection.php(411): Illuminate\\Database\\Connection->statement('insert into `pa...', Array)
#3 C:\\Users\\Eduardo\\Desktop\\blog\\vendor\\laravel\\framework\\src\\Illuminate\\Database\\Query\\Builder.php(2646): Illuminate\\Database\\Connection->insert('insert into `pa...', Array)
#4 C:\\Users\\Eduardo\\Desktop\\blog\\vendor\\laravel\\framework\\src\\Illuminate\\Auth\\Passwords\\DatabaseTokenRepository.php(85): Illuminate\\Database\\Query\\Builder->insert(Array)
#5 C:\\Users\\Eduardo\\Desktop\\blog\\vendor\\laravel\\framework\\src\\Illuminate\\Auth\\Passwords\\PasswordBroker.php(70): Illuminate\\Auth\\Passwords\\DatabaseTokenRepository->create(Object(App\\User))
#6 C:\\Users\\Eduardo\\Desktop\\blog\\vendor\\laravel\\framework\\src\\Illuminate\\Foundation\\Auth\\SendsPasswordResetEmails.php(34): Illuminate\\Auth\\Passwords\\PasswordBroker->sendResetLink(Array)
#7 [internal function]: App\\Http\\Controllers\\Auth\\ForgotPasswordController->sendResetLinkEmail(Object(Illuminate\\Http\\Request))
#8 C:\\Users\\Eduardo\\Desktop\\blog\\vendor\\laravel\\framework\\src\\Illuminate\\Routing\\Controller.php(54): call_user_func_array(Array, Array)
#9 C:\\Users\\Eduardo\\Desktop\\blog\\vendor\\laravel\\framework\\src\\Illuminate\\Routing\\ControllerDispatcher.php(45): Illuminate\\Routing\\Controller->callAction('sendResetLinkEm...', Array)
#10 C:\\Users\\Eduardo\\Desktop\\blog\\vendor\\laravel\\framework\\src\\Illuminate\\Routing\\Route.php(219): Illuminate\\Routing\\ControllerDispatcher->dispatch(Object(Illuminate\\Routing\\Route), Object(App\\Http\\Controllers\\Auth\\ForgotPasswordController), 'sendResetLinkEm...')
#11 C:\\Users\\Eduardo\\Desktop\\blog\\vendor\\laravel\\framework\\src\\Illuminate\\Routing\\Route.php(176): Illuminate\\Routing\\Route->runController()
#12 C:\\Users\\Eduardo\\Desktop\\blog\\vendor\\laravel\\framework\\src\\Illuminate\\Routing\\Router.php(680): Illuminate\\Routing\\Route->run()
#13 C:\\Users\\Eduardo\\Desktop\\blog\\vendor\\laravel\\framework\\src\\Illuminate\\Routing\\Pipeline.php(30): Illuminate\\Routing\\Router->Illuminate\\Routing\\{closure}(Object(Illuminate\\Http\\Request))
#14 C:\\Users\\Eduardo\\Desktop\\blog\\app\\Http\\Middleware\\RedirectIfAuthenticated.php(24): Illuminate\\Routing\\Pipeline->Illuminate\\Routing\\{closure}(Object(Illuminate\\Http\\Request))
#15 C:\\Users\\Eduardo\\Desktop\\blog\\vendor\\laravel\\framework\\src\\Illuminate\\Pipeline\\Pipeline.php(163): App\\Http\\Middleware\\RedirectIfAuthenticated->handle(Object(Illuminate\\Http\\Request), Object(Closure))
#16 C:\\Users\\Eduardo\\Desktop\\blog\\vendor\\laravel\\framework\\src\\Illuminate\\Routing\\Pipeline.php(53): Illuminate\\Pipeline\\Pipeline->Illuminate\\Pipeline\\{closure}(Object(Illuminate\\Http\\Request))
#17 C:\\Users\\Eduardo\\Desktop\\blog\\vendor\\laravel\\framework\\src\\Illuminate\\Routing\\Middleware\\SubstituteBindings.php(41): Illuminate\\Routing\\Pipeline->Illuminate\\Routing\\{closure}(Object(Illuminate\\Http\\Request))
#18 C:\\Users\\Eduardo\\Desktop\\blog\\vendor\\laravel\\framework\\src\\Illuminate\\Pipeline\\Pipeline.php(163): Illuminate\\Routing\\Middleware\\SubstituteBindings->handle(Object(Illuminate\\Http\\Request), Object(Closure))
#19 C:\\Users\\Eduardo\\Desktop\\blog\\vendor\\laravel\\framework\\src\\Illuminate\\Routing\\Pipeline.php(53): Illuminate\\Pipeline\\Pipeline->Illuminate\\Pipeline\\{closure}(Object(Illuminate\\Http\\Request))
#20 C:\\Users\\Eduardo\\Desktop\\blog\\vendor\\laravel\\framework\\src\\Illuminate\\Foundation\\Http\\Middleware\\VerifyCsrfToken.php(75): Illuminate\\Routing\\Pipeline->Illuminate\\Routing\\{closure}(Object(Illuminate\\Http\\Request))
#21 C:\\Users\\Eduardo\\Desktop\\blog\\vendor\\laravel\\framework\\src\\Illuminate\\Pipeline\\Pipeline.php(163): Illuminate\\Foundation\\Http\\Middleware\\VerifyCsrfToken->handle(Object(Illuminate\\Http\\Request), Object(Closure))
#22 C:\\Users\\Eduardo\\Desktop\\blog\\vendor\\laravel\\framework\\src\\Illuminate\\Routing\\Pipeline.php(53): Illuminate\\Pipeline\\Pipeline->Illuminate\\Pipeline\\{closure}(Object(Illuminate\\Http\\Request))
#23 C:\\Users\\Eduardo\\Desktop\\blog\\vendor\\laravel\\framework\\src\\Illuminate\\View\\Middleware\\ShareErrorsFromSession.php(49): Illuminate\\Routing\\Pipeline->Illuminate\\Routing\\{closure}(Object(Illuminate\\Http\\Request))
#24 C:\\Users\\Eduardo\\Desktop\\blog\\vendor\\laravel\\framework\\src\\Illuminate\\Pipeline\\Pipeline.php(163): Illuminate\\View\\Middleware\\ShareErrorsFromSession->handle(Object(Illuminate\\Http\\Request), Object(Closure))
#25 C:\\Users\\Eduardo\\Desktop\\blog\\vendor\\laravel\\framework\\src\\Illuminate\\Routing\\Pipeline.php(53): Illuminate\\Pipeline\\Pipeline->Illuminate\\Pipeline\\{closure}(Object(Illuminate\\Http\\Request))
#26 C:\\Users\\Eduardo\\Desktop\\blog\\vendor\\laravel\\framework\\src\\Illuminate\\Session\\Middleware\\StartSession.php(56): Illuminate\\Routing\\Pipeline->Illuminate\\Routing\\{closure}(Object(Illuminate\\Http\\Request))
#27 C:\\Users\\Eduardo\\Desktop\\blog\\vendor\\laravel\\framework\\src\\Illuminate\\Pipeline\\Pipeline.php(163): Illuminate\\Session\\Middleware\\StartSession->handle(Object(Illuminate\\Http\\Request), Object(Closure))
#28 C:\\Users\\Eduardo\\Desktop\\blog\\vendor\\laravel\\framework\\src\\Illuminate\\Routing\\Pipeline.php(53): Illuminate\\Pipeline\\Pipeline->Illuminate\\Pipeline\\{closure}(Object(Illuminate\\Http\\Request))
#29 C:\\Users\\Eduardo\\Desktop\\blog\\vendor\\laravel\\framework\\src\\Illuminate\\Cookie\\Middleware\\AddQueuedCookiesToResponse.php(37): Illuminate\\Routing\\Pipeline->Illuminate\\Routing\\{closure}(Object(Illuminate\\Http\\Request))
#30 C:\\Users\\Eduardo\\Desktop\\blog\\vendor\\laravel\\framework\\src\\Illuminate\\Pipeline\\Pipeline.php(163): Illuminate\\Cookie\\Middleware\\AddQueuedCookiesToResponse->handle(Object(Illuminate\\Http\\Request), Object(Closure))
#31 C:\\Users\\Eduardo\\Desktop\\blog\\vendor\\laravel\\framework\\src\\Illuminate\\Routing\\Pipeline.php(53): Illuminate\\Pipeline\\Pipeline->Illuminate\\Pipeline\\{closure}(Object(Illuminate\\Http\\Request))
#32 C:\\Users\\Eduardo\\Desktop\\blog\\vendor\\laravel\\framework\\src\\Illuminate\\Cookie\\Middleware\\EncryptCookies.php(66): Illuminate\\Routing\\Pipeline->Illuminate\\Routing\\{closure}(Object(Illuminate\\Http\\Request))
#33 C:\\Users\\Eduardo\\Desktop\\blog\\vendor\\laravel\\framework\\src\\Illuminate\\Pipeline\\Pipeline.php(163): Illuminate\\Cookie\\Middleware\\EncryptCookies->handle(Object(Illuminate\\Http\\Request), Object(Closure))
#34 C:\\Users\\Eduardo\\Desktop\\blog\\vendor\\laravel\\framework\\src\\Illuminate\\Routing\\Pipeline.php(53): Illuminate\\Pipeline\\Pipeline->Illuminate\\Pipeline\\{closure}(Object(Illuminate\\Http\\Request))
#35 C:\\Users\\Eduardo\\Desktop\\blog\\vendor\\laravel\\framework\\src\\Illuminate\\Pipeline\\Pipeline.php(104): Illuminate\\Routing\\Pipeline->Illuminate\\Routing\\{closure}(Object(Illuminate\\Http\\Request))
#36 C:\\Users\\Eduardo\\Desktop\\blog\\vendor\\laravel\\framework\\src\\Illuminate\\Routing\\Router.php(682): Illuminate\\Pipeline\\Pipeline->then(Object(Closure))
#37 C:\\Users\\Eduardo\\Desktop\\blog\\vendor\\laravel\\framework\\src\\Illuminate\\Routing\\Router.php(657): Illuminate\\Routing\\Router->runRouteWithinStack(Object(Illuminate\\Routing\\Route), Object(Illuminate\\Http\\Request))
#38 C:\\Users\\Eduardo\\Desktop\\blog\\vendor\\laravel\\framework\\src\\Illuminate\\Routing\\Router.php(623): Illuminate\\Routing\\Router->runRoute(Object(Illuminate\\Http\\Request), Object(Illuminate\\Routing\\Route))
#39 C:\\Users\\Eduardo\\Desktop\\blog\\vendor\\laravel\\framework\\src\\Illuminate\\Routing\\Router.php(612): Illuminate\\Routing\\Router->dispatchToRoute(Object(Illuminate\\Http\\Request))
#40 C:\\Users\\Eduardo\\Desktop\\blog\\vendor\\laravel\\framework\\src\\Illuminate\\Foundation\\Http\\Kernel.php(176): Illuminate\\Routing\\Router->dispatch(Object(Illuminate\\Http\\Request))
#41 C:\\Users\\Eduardo\\Desktop\\blog\\vendor\\laravel\\framework\\src\\Illuminate\\Routing\\Pipeline.php(30): Illuminate\\Foundation\\Http\\Kernel->Illuminate\\Foundation\\Http\\{closure}(Object(Illuminate\\Http\\Request))
#42 C:\\Users\\Eduardo\\Desktop\\blog\\vendor\\laravel\\framework\\src\\Illuminate\\Foundation\\Http\\Middleware\\TransformsRequest.php(21): Illuminate\\Routing\\Pipeline->Illuminate\\Routing\\{closure}(Object(Illuminate\\Http\\Request))
#43 C:\\Users\\Eduardo\\Desktop\\blog\\vendor\\laravel\\framework\\src\\Illuminate\\Pipeline\\Pipeline.php(163): Illuminate\\Foundation\\Http\\Middleware\\TransformsRequest->handle(Object(Illuminate\\Http\\Request), Object(Closure))
#44 C:\\Users\\Eduardo\\Desktop\\blog\\vendor\\laravel\\framework\\src\\Illuminate\\Routing\\Pipeline.php(53): Illuminate\\Pipeline\\Pipeline->Illuminate\\Pipeline\\{closure}(Object(Illuminate\\Http\\Request))
#45 C:\\Users\\Eduardo\\Desktop\\blog\\vendor\\laravel\\framework\\src\\Illuminate\\Foundation\\Http\\Middleware\\TransformsRequest.php(21): Illuminate\\Routing\\Pipeline->Illuminate\\Routing\\{closure}(Object(Illuminate\\Http\\Request))
#46 C:\\Users\\Eduardo\\Desktop\\blog\\vendor\\laravel\\framework\\src\\Illuminate\\Pipeline\\Pipeline.php(163): Illuminate\\Foundation\\Http\\Middleware\\TransformsRequest->handle(Object(Illuminate\\Http\\Request), Object(Closure))
#47 C:\\Users\\Eduardo\\Desktop\\blog\\vendor\\laravel\\framework\\src\\Illuminate\\Routing\\Pipeline.php(53): Illuminate\\Pipeline\\Pipeline->Illuminate\\Pipeline\\{closure}(Object(Illuminate\\Http\\Request))
#48 C:\\Users\\Eduardo\\Desktop\\blog\\vendor\\laravel\\framework\\src\\Illuminate\\Foundation\\Http\\Middleware\\ValidatePostSize.php(27): Illuminate\\Routing\\Pipeline->Illuminate\\Routing\\{closure}(Object(Illuminate\\Http\\Request))
#49 C:\\Users\\Eduardo\\Desktop\\blog\\vendor\\laravel\\framework\\src\\Illuminate\\Pipeline\\Pipeline.php(163): Illuminate\\Foundation\\Http\\Middleware\\ValidatePostSize->handle(Object(Illuminate\\Http\\Request), Object(Closure))
#50 C:\\Users\\Eduardo\\Desktop\\blog\\vendor\\laravel\\framework\\src\\Illuminate\\Routing\\Pipeline.php(53): Illuminate\\Pipeline\\Pipeline->Illuminate\\Pipeline\\{closure}(Object(Illuminate\\Http\\Request))
#51 C:\\Users\\Eduardo\\Desktop\\blog\\vendor\\laravel\\framework\\src\\Illuminate\\Foundation\\Http\\Middleware\\CheckForMaintenanceMode.php(62): Illuminate\\Routing\\Pipeline->Illuminate\\Routing\\{closure}(Object(Illuminate\\Http\\Request))
#52 C:\\Users\\Eduardo\\Desktop\\blog\\vendor\\laravel\\framework\\src\\Illuminate\\Pipeline\\Pipeline.php(163): Illuminate\\Foundation\\Http\\Middleware\\CheckForMaintenanceMode->handle(Object(Illuminate\\Http\\Request), Object(Closure))
#53 C:\\Users\\Eduardo\\Desktop\\blog\\vendor\\laravel\\framework\\src\\Illuminate\\Routing\\Pipeline.php(53): Illuminate\\Pipeline\\Pipeline->Illuminate\\Pipeline\\{closure}(Object(Illuminate\\Http\\Request))
#54 C:\\Users\\Eduardo\\Desktop\\blog\\vendor\\fideloper\\proxy\\src\\TrustProxies.php(57): Illuminate\\Routing\\Pipeline->Illuminate\\Routing\\{closure}(Object(Illuminate\\Http\\Request))
#55 C:\\Users\\Eduardo\\Desktop\\blog\\vendor\\laravel\\framework\\src\\Illuminate\\Pipeline\\Pipeline.php(163): Fideloper\\Proxy\\TrustProxies->handle(Object(Illuminate\\Http\\Request), Object(Closure))
#56 C:\\Users\\Eduardo\\Desktop\\blog\\vendor\\laravel\\framework\\src\\Illuminate\\Routing\\Pipeline.php(53): Illuminate\\Pipeline\\Pipeline->Illuminate\\Pipeline\\{closure}(Object(Illuminate\\Http\\Request))
#57 C:\\Users\\Eduardo\\Desktop\\blog\\vendor\\laravel\\framework\\src\\Illuminate\\Pipeline\\Pipeline.php(104): Illuminate\\Routing\\Pipeline->Illuminate\\Routing\\{closure}(Object(Illuminate\\Http\\Request))
#58 C:\\Users\\Eduardo\\Desktop\\blog\\vendor\\laravel\\framework\\src\\Illuminate\\Foundation\\Http\\Kernel.php(151): Illuminate\\Pipeline\\Pipeline->then(Object(Closure))
#59 C:\\Users\\Eduardo\\Desktop\\blog\\vendor\\laravel\\framework\\src\\Illuminate\\Foundation\\Http\\Kernel.php(116): Illuminate\\Foundation\\Http\\Kernel->sendRequestThroughRouter(Object(Illuminate\\Http\\Request))
#60 C:\\Users\\Eduardo\\Desktop\\blog\\public\\index.php(55): Illuminate\\Foundation\\Http\\Kernel->handle(Object(Illuminate\\Http\\Request))
#61 C:\\Users\\Eduardo\\Desktop\\blog\\server.php(21): require_once('C:\\\\Users\\\\Eduard...')
#62 {main}
"} 
[2020-01-30 01:18:00] local.DEBUG: Message-ID: <327d9a94b0212ec4959791a43da888dc@127.0.0.1>
Date: Thu, 30 Jan 2020 01:18:00 +0000
Subject: Reset Password Notification
From: Example <hello@example.com>
To: nikolaeviclol@gmail.com
MIME-Version: 1.0
Content-Type: multipart/alternative;
 boundary="_=_swift_1580347080_0871d201823b4672ce1a9e2c793685fd_=_"

<!DOCTYPE html PUBLIC "-//W3C//DTD XHTML 1.0 Transitional//EN" "http://www.w3.org/TR/xhtml1/DTD/xhtml1-transitional.dtd">
<html xmlns="http://www.w3.org/1999/xhtml">
<head>
    <meta name="viewport" content="width=device-width, initial-scale=1.0">
    <meta http-equiv="Content-Type" content="text/html; charset=UTF-8">
</head>
<body style="font-family: -apple-system, BlinkMacSystemFont, 'Segoe UI', Roboto, Helvetica, Arial, sans-serif, 'Apple Color Emoji', 'Segoe UI Emoji', 'Segoe UI Symbol'; box-sizing: border-box; background-color: #f8fafc; color: #74787e; height: 100%; hyphens: auto; line-height: 1.4; margin: 0; -moz-hyphens: auto; -ms-word-break: break-all; width: 100% !important; -webkit-hyphens: auto; -webkit-text-size-adjust: none; word-break: break-word;">
    <style>
        @media  only screen and (max-width: 600px) {
            .inner-body {
                width: 100% !important;
            }

            .footer {
                width: 100% !important;
            }
        }

        @media  only screen and (max-width: 500px) {
            .button {
                width: 100% !important;
            }
        }
    </style>

    <table class="wrapper" width="100%" cellpadding="0" cellspacing="0" role="presentation" style="font-family: -apple-system, BlinkMacSystemFont, 'Segoe UI', Roboto, Helvetica, Arial, sans-serif, 'Apple Color Emoji', 'Segoe UI Emoji', 'Segoe UI Symbol'; box-sizing: border-box; background-color: #f8fafc; margin: 0; padding: 0; width: 100%; -premailer-cellpadding: 0; -premailer-cellspacing: 0; -premailer-width: 100%;">
        <tr>
            <td align="center" style="font-family: -apple-system, BlinkMacSystemFont, 'Segoe UI', Roboto, Helvetica, Arial, sans-serif, 'Apple Color Emoji', 'Segoe UI Emoji', 'Segoe UI Symbol'; box-sizing: border-box;">
                <table class="content" width="100%" cellpadding="0" cellspacing="0" role="presentation" style="font-family: -apple-system, BlinkMacSystemFont, 'Segoe UI', Roboto, Helvetica, Arial, sans-serif, 'Apple Color Emoji', 'Segoe UI Emoji', 'Segoe UI Symbol'; box-sizing: border-box; margin: 0; padding: 0; width: 100%; -premailer-cellpadding: 0; -premailer-cellspacing: 0; -premailer-width: 100%;">
                    <tr>
    <td class="header" style="font-family: -apple-system, BlinkMacSystemFont, 'Segoe UI', Roboto, Helvetica, Arial, sans-serif, 'Apple Color Emoji', 'Segoe UI Emoji', 'Segoe UI Symbol'; box-sizing: border-box; padding: 25px 0; text-align: center;">
        <a href="http://localhost" style="font-family: -apple-system, BlinkMacSystemFont, 'Segoe UI', Roboto, Helvetica, Arial, sans-serif, 'Apple Color Emoji', 'Segoe UI Emoji', 'Segoe UI Symbol'; box-sizing: border-box; color: #bbbfc3; font-size: 19px; font-weight: bold; text-decoration: none; text-shadow: 0 1px 0 white;">
            Laravel
        </a>
    </td>
</tr>

                    <!-- Email Body -->
                    <tr>
                        <td class="body" width="100%" cellpadding="0" cellspacing="0" style="font-family: -apple-system, BlinkMacSystemFont, 'Segoe UI', Roboto, Helvetica, Arial, sans-serif, 'Apple Color Emoji', 'Segoe UI Emoji', 'Segoe UI Symbol'; box-sizing: border-box; background-color: #ffffff; border-bottom: 1px solid #edeff2; border-top: 1px solid #edeff2; margin: 0; padding: 0; width: 100%; -premailer-cellpadding: 0; -premailer-cellspacing: 0; -premailer-width: 100%;">
                            <table class="inner-body" align="center" width="570" cellpadding="0" cellspacing="0" role="presentation" style="font-family: -apple-system, BlinkMacSystemFont, 'Segoe UI', Roboto, Helvetica, Arial, sans-serif, 'Apple Color Emoji', 'Segoe UI Emoji', 'Segoe UI Symbol'; box-sizing: border-box; background-color: #ffffff; margin: 0 auto; padding: 0; width: 570px; -premailer-cellpadding: 0; -premailer-cellspacing: 0; -premailer-width: 570px;">
                                <!-- Body content -->
                                <tr>
                                    <td class="content-cell" style="font-family: -apple-system, BlinkMacSystemFont, 'Segoe UI', Roboto, Helvetica, Arial, sans-serif, 'Apple Color Emoji', 'Segoe UI Emoji', 'Segoe UI Symbol'; box-sizing: border-box; padding: 35px;">
                                        <h1 style="font-family: -apple-system, BlinkMacSystemFont, 'Segoe UI', Roboto, Helvetica, Arial, sans-serif, 'Apple Color Emoji', 'Segoe UI Emoji', 'Segoe UI Symbol'; box-sizing: border-box; color: #3d4852; font-size: 19px; font-weight: bold; margin-top: 0; text-align: left;">Hello!</h1>
<p style="font-family: -apple-system, BlinkMacSystemFont, 'Segoe UI', Roboto, Helvetica, Arial, sans-serif, 'Apple Color Emoji', 'Segoe UI Emoji', 'Segoe UI Symbol'; box-sizing: border-box; color: #3d4852; font-size: 16px; line-height: 1.5em; margin-top: 0; text-align: left;">You are receiving this email because we received a password reset request for your account.</p>
<table class="action" align="center" width="100%" cellpadding="0" cellspacing="0" role="presentation" style="font-family: -apple-system, BlinkMacSystemFont, 'Segoe UI', Roboto, Helvetica, Arial, sans-serif, 'Apple Color Emoji', 'Segoe UI Emoji', 'Segoe UI Symbol'; box-sizing: border-box; margin: 30px auto; padding: 0; text-align: center; width: 100%; -premailer-cellpadding: 0; -premailer-cellspacing: 0; -premailer-width: 100%;">
    <tr>
        <td align="center" style="font-family: -apple-system, BlinkMacSystemFont, 'Segoe UI', Roboto, Helvetica, Arial, sans-serif, 'Apple Color Emoji', 'Segoe UI Emoji', 'Segoe UI Symbol'; box-sizing: border-box;">
            <table width="100%" border="0" cellpadding="0" cellspacing="0" role="presentation" style="font-family: -apple-system, BlinkMacSystemFont, 'Segoe UI', Roboto, Helvetica, Arial, sans-serif, 'Apple Color Emoji', 'Segoe UI Emoji', 'Segoe UI Symbol'; box-sizing: border-box;">
                <tr>
                    <td align="center" style="font-family: -apple-system, BlinkMacSystemFont, 'Segoe UI', Roboto, Helvetica, Arial, sans-serif, 'Apple Color Emoji', 'Segoe UI Emoji', 'Segoe UI Symbol'; box-sizing: border-box;">
                        <table border="0" cellpadding="0" cellspacing="0" role="presentation" style="font-family: -apple-system, BlinkMacSystemFont, 'Segoe UI', Roboto, Helvetica, Arial, sans-serif, 'Apple Color Emoji', 'Segoe UI Emoji', 'Segoe UI Symbol'; box-sizing: border-box;">
                            <tr>
                                <td style="font-family: -apple-system, BlinkMacSystemFont, 'Segoe UI', Roboto, Helvetica, Arial, sans-serif, 'Apple Color Emoji', 'Segoe UI Emoji', 'Segoe UI Symbol'; box-sizing: border-box;">
                                    <a href="http://localhost/password/reset/478e3c7119cae67040a40df68f179273be712eece5caf45c0dc60842696cbbbc?email=nikolaeviclol%40gmail.com" class="button button-primary" target="_blank" style="font-family: -apple-system, BlinkMacSystemFont, 'Segoe UI', Roboto, Helvetica, Arial, sans-serif, 'Apple Color Emoji', 'Segoe UI Emoji', 'Segoe UI Symbol'; box-sizing: border-box; border-radius: 3px; box-shadow: 0 2px 3px rgba(0, 0, 0, 0.16); color: #fff; display: inline-block; text-decoration: none; -webkit-text-size-adjust: none; background-color: #3490dc; border-top: 10px solid #3490dc; border-right: 18px solid #3490dc; border-bottom: 10px solid #3490dc; border-left: 18px solid #3490dc;">Reset Password</a>
                                </td>
                            </tr>
                        </table>
                    </td>
                </tr>
            </table>
        </td>
    </tr>
</table>
<p style="font-family: -apple-system, BlinkMacSystemFont, 'Segoe UI', Roboto, Helvetica, Arial, sans-serif, 'Apple Color Emoji', 'Segoe UI Emoji', 'Segoe UI Symbol'; box-sizing: border-box; color: #3d4852; font-size: 16px; line-height: 1.5em; margin-top: 0; text-align: left;">This password reset link will expire in 60 minutes.</p>
<p style="font-family: -apple-system, BlinkMacSystemFont, 'Segoe UI', Roboto, Helvetica, Arial, sans-serif, 'Apple Color Emoji', 'Segoe UI Emoji', 'Segoe UI Symbol'; box-sizing: border-box; color: #3d4852; font-size: 16px; line-height: 1.5em; margin-top: 0; text-align: left;">If you did not request a password reset, no further action is required.</p>
<p style="font-family: -apple-system, BlinkMacSystemFont, 'Segoe UI', Roboto, Helvetica, Arial, sans-serif, 'Apple Color Emoji', 'Segoe UI Emoji', 'Segoe UI Symbol'; box-sizing: border-box; color: #3d4852; font-size: 16px; line-height: 1.5em; margin-top: 0; text-align: left;">Regards,<br>
Laravel</p>

                                        <table class="subcopy" width="100%" cellpadding="0" cellspacing="0" role="presentation" style="font-family: -apple-system, BlinkMacSystemFont, 'Segoe UI', Roboto, Helvetica, Arial, sans-serif, 'Apple Color Emoji', 'Segoe UI Emoji', 'Segoe UI Symbol'; box-sizing: border-box; border-top: 1px solid #edeff2; margin-top: 25px; padding-top: 25px;">
    <tr>
        <td style="font-family: -apple-system, BlinkMacSystemFont, 'Segoe UI', Roboto, Helvetica, Arial, sans-serif, 'Apple Color Emoji', 'Segoe UI Emoji', 'Segoe UI Symbol'; box-sizing: border-box;">
            <p style="font-family: -apple-system, BlinkMacSystemFont, 'Segoe UI', Roboto, Helvetica, Arial, sans-serif, 'Apple Color Emoji', 'Segoe UI Emoji', 'Segoe UI Symbol'; box-sizing: border-box; color: #3d4852; line-height: 1.5em; margin-top: 0; text-align: left; font-size: 12px;">If youre having trouble clicking the "Reset Password" button, copy and paste the URL below
into your web browser: <a href="http://localhost/password/reset/478e3c7119cae67040a40df68f179273be712eece5caf45c0dc60842696cbbbc?email=nikolaeviclol%40gmail.com" style="font-family: -apple-system, BlinkMacSystemFont, 'Segoe UI', Roboto, Helvetica, Arial, sans-serif, 'Apple Color Emoji', 'Segoe UI Emoji', 'Segoe UI Symbol'; box-sizing: border-box; color: #3869d4;">http://localhost/password/reset/478e3c7119cae67040a40df68f179273be712eece5caf45c0dc60842696cbbbc?email=nikolaeviclol%40gmail.com</a></p>
        </td>
    </tr>
</table>
                                    </td>
                                </tr>
                            </table>
                        </td>
                    </tr>

                    <tr>
    <td style="font-family: -apple-system, BlinkMacSystemFont, 'Segoe UI', Roboto, Helvetica, Arial, sans-serif, 'Apple Color Emoji', 'Segoe UI Emoji', 'Segoe UI Symbol'; box-sizing: border-box;">
        <table class="footer" align="center" width="570" cellpadding="0" cellspacing="0" role="presentation" style="font-family: -apple-system, BlinkMacSystemFont, 'Segoe UI', Roboto, Helvetica, Arial, sans-serif, 'Apple Color Emoji', 'Segoe UI Emoji', 'Segoe UI Symbol'; box-sizing: border-box; margin: 0 auto; padding: 0; text-align: center; width: 570px; -premailer-cellpadding: 0; -premailer-cellspacing: 0; -premailer-width: 570px;">
            <tr>
                <td class="content-cell" align="center" style="font-family: -apple-system, BlinkMacSystemFont, 'Segoe UI', Roboto, Helvetica, Arial, sans-serif, 'Apple Color Emoji', 'Segoe UI Emoji', 'Segoe UI Symbol'; box-sizing: border-box; padding: 35px;">
                    <p style="font-family: -apple-system, BlinkMacSystemFont, 'Segoe UI', Roboto, Helvetica, Arial, sans-serif, 'Apple Color Emoji', 'Segoe UI Emoji', 'Segoe UI Symbol'; box-sizing: border-box; line-height: 1.5em; margin-top: 0; color: #aeaeae; font-size: 12px; text-align: center;"> 2020 Laravel. All rights reserved.</p>
                </td>
            </tr>
        </table>
    </td>
</tr>
                </table>
            </td>
        </tr>
    </table>
</body>
</html>

Content-Type: text/plain; charset=utf-8
Content-Transfer-Encoding: quoted-printable

[Laravel](http://localhost)

# Hello!

You are receiving this email because we received a password reset request for your account.

Reset Password: http://localhost/password/reset/478e3c7119cae67040a40df68f179273be712eece5caf45c0dc60842696cbbbc?email=nikolaeviclol%40gmail.com

This password reset link will expire in 60 minutes.

If you did not request a password reset, no further action is required.

Regards,
Laravel

If youre having trouble clicking the "Reset Password" button, copy and paste the URL below
into your web browser: [http://localhost/password/reset/478e3c7119cae67040a40df68f179273be712eece5caf45c0dc60842696cbbbc?email=nikolaeviclol%40gmail.com](http://localhost/password/reset/478e3c7119cae67040a40df68f179273be712eece5caf45c0dc60842696cbbbc?email=nikolaeviclol%40gmail.com)

 2020 Laravel. All rights reserved.
  
[2020-01-30 01:40:08] local.DEBUG: Message-ID: <e08c7f9b28800973acaadf4b115dd3b5@127.0.0.1>
Date: Thu, 30 Jan 2020 01:40:08 +0000
Subject: Reset Password Notification
From: Example <hello@example.com>
To: nikolaeviclol@gmail.com
MIME-Version: 1.0
Content-Type: multipart/alternative;
 boundary="_=_swift_1580348408_d111f896934a61e8736203010fe75eae_=_"

<!DOCTYPE html PUBLIC "-//W3C//DTD XHTML 1.0 Transitional//EN" "http://www.w3.org/TR/xhtml1/DTD/xhtml1-transitional.dtd">
<html xmlns="http://www.w3.org/1999/xhtml">
<head>
    <meta name="viewport" content="width=device-width, initial-scale=1.0">
    <meta http-equiv="Content-Type" content="text/html; charset=UTF-8">
</head>
<body style="font-family: -apple-system, BlinkMacSystemFont, 'Segoe UI', Roboto, Helvetica, Arial, sans-serif, 'Apple Color Emoji', 'Segoe UI Emoji', 'Segoe UI Symbol'; box-sizing: border-box; background-color: #f8fafc; color: #74787e; height: 100%; hyphens: auto; line-height: 1.4; margin: 0; -moz-hyphens: auto; -ms-word-break: break-all; width: 100% !important; -webkit-hyphens: auto; -webkit-text-size-adjust: none; word-break: break-word;">
    <style>
        @media  only screen and (max-width: 600px) {
            .inner-body {
                width: 100% !important;
            }

            .footer {
                width: 100% !important;
            }
        }

        @media  only screen and (max-width: 500px) {
            .button {
                width: 100% !important;
            }
        }
    </style>

    <table class="wrapper" width="100%" cellpadding="0" cellspacing="0" role="presentation" style="font-family: -apple-system, BlinkMacSystemFont, 'Segoe UI', Roboto, Helvetica, Arial, sans-serif, 'Apple Color Emoji', 'Segoe UI Emoji', 'Segoe UI Symbol'; box-sizing: border-box; background-color: #f8fafc; margin: 0; padding: 0; width: 100%; -premailer-cellpadding: 0; -premailer-cellspacing: 0; -premailer-width: 100%;">
        <tr>
            <td align="center" style="font-family: -apple-system, BlinkMacSystemFont, 'Segoe UI', Roboto, Helvetica, Arial, sans-serif, 'Apple Color Emoji', 'Segoe UI Emoji', 'Segoe UI Symbol'; box-sizing: border-box;">
                <table class="content" width="100%" cellpadding="0" cellspacing="0" role="presentation" style="font-family: -apple-system, BlinkMacSystemFont, 'Segoe UI', Roboto, Helvetica, Arial, sans-serif, 'Apple Color Emoji', 'Segoe UI Emoji', 'Segoe UI Symbol'; box-sizing: border-box; margin: 0; padding: 0; width: 100%; -premailer-cellpadding: 0; -premailer-cellspacing: 0; -premailer-width: 100%;">
                    <tr>
    <td class="header" style="font-family: -apple-system, BlinkMacSystemFont, 'Segoe UI', Roboto, Helvetica, Arial, sans-serif, 'Apple Color Emoji', 'Segoe UI Emoji', 'Segoe UI Symbol'; box-sizing: border-box; padding: 25px 0; text-align: center;">
        <a href="http://localhost" style="font-family: -apple-system, BlinkMacSystemFont, 'Segoe UI', Roboto, Helvetica, Arial, sans-serif, 'Apple Color Emoji', 'Segoe UI Emoji', 'Segoe UI Symbol'; box-sizing: border-box; color: #bbbfc3; font-size: 19px; font-weight: bold; text-decoration: none; text-shadow: 0 1px 0 white;">
            Laravel
        </a>
    </td>
</tr>

                    <!-- Email Body -->
                    <tr>
                        <td class="body" width="100%" cellpadding="0" cellspacing="0" style="font-family: -apple-system, BlinkMacSystemFont, 'Segoe UI', Roboto, Helvetica, Arial, sans-serif, 'Apple Color Emoji', 'Segoe UI Emoji', 'Segoe UI Symbol'; box-sizing: border-box; background-color: #ffffff; border-bottom: 1px solid #edeff2; border-top: 1px solid #edeff2; margin: 0; padding: 0; width: 100%; -premailer-cellpadding: 0; -premailer-cellspacing: 0; -premailer-width: 100%;">
                            <table class="inner-body" align="center" width="570" cellpadding="0" cellspacing="0" role="presentation" style="font-family: -apple-system, BlinkMacSystemFont, 'Segoe UI', Roboto, Helvetica, Arial, sans-serif, 'Apple Color Emoji', 'Segoe UI Emoji', 'Segoe UI Symbol'; box-sizing: border-box; background-color: #ffffff; margin: 0 auto; padding: 0; width: 570px; -premailer-cellpadding: 0; -premailer-cellspacing: 0; -premailer-width: 570px;">
                                <!-- Body content -->
                                <tr>
                                    <td class="content-cell" style="font-family: -apple-system, BlinkMacSystemFont, 'Segoe UI', Roboto, Helvetica, Arial, sans-serif, 'Apple Color Emoji', 'Segoe UI Emoji', 'Segoe UI Symbol'; box-sizing: border-box; padding: 35px;">
                                        <h1 style="font-family: -apple-system, BlinkMacSystemFont, 'Segoe UI', Roboto, Helvetica, Arial, sans-serif, 'Apple Color Emoji', 'Segoe UI Emoji', 'Segoe UI Symbol'; box-sizing: border-box; color: #3d4852; font-size: 19px; font-weight: bold; margin-top: 0; text-align: left;">Hello!</h1>
<p style="font-family: -apple-system, BlinkMacSystemFont, 'Segoe UI', Roboto, Helvetica, Arial, sans-serif, 'Apple Color Emoji', 'Segoe UI Emoji', 'Segoe UI Symbol'; box-sizing: border-box; color: #3d4852; font-size: 16px; line-height: 1.5em; margin-top: 0; text-align: left;">You are receiving this email because we received a password reset request for your account.</p>
<table class="action" align="center" width="100%" cellpadding="0" cellspacing="0" role="presentation" style="font-family: -apple-system, BlinkMacSystemFont, 'Segoe UI', Roboto, Helvetica, Arial, sans-serif, 'Apple Color Emoji', 'Segoe UI Emoji', 'Segoe UI Symbol'; box-sizing: border-box; margin: 30px auto; padding: 0; text-align: center; width: 100%; -premailer-cellpadding: 0; -premailer-cellspacing: 0; -premailer-width: 100%;">
    <tr>
        <td align="center" style="font-family: -apple-system, BlinkMacSystemFont, 'Segoe UI', Roboto, Helvetica, Arial, sans-serif, 'Apple Color Emoji', 'Segoe UI Emoji', 'Segoe UI Symbol'; box-sizing: border-box;">
            <table width="100%" border="0" cellpadding="0" cellspacing="0" role="presentation" style="font-family: -apple-system, BlinkMacSystemFont, 'Segoe UI', Roboto, Helvetica, Arial, sans-serif, 'Apple Color Emoji', 'Segoe UI Emoji', 'Segoe UI Symbol'; box-sizing: border-box;">
                <tr>
                    <td align="center" style="font-family: -apple-system, BlinkMacSystemFont, 'Segoe UI', Roboto, Helvetica, Arial, sans-serif, 'Apple Color Emoji', 'Segoe UI Emoji', 'Segoe UI Symbol'; box-sizing: border-box;">
                        <table border="0" cellpadding="0" cellspacing="0" role="presentation" style="font-family: -apple-system, BlinkMacSystemFont, 'Segoe UI', Roboto, Helvetica, Arial, sans-serif, 'Apple Color Emoji', 'Segoe UI Emoji', 'Segoe UI Symbol'; box-sizing: border-box;">
                            <tr>
                                <td style="font-family: -apple-system, BlinkMacSystemFont, 'Segoe UI', Roboto, Helvetica, Arial, sans-serif, 'Apple Color Emoji', 'Segoe UI Emoji', 'Segoe UI Symbol'; box-sizing: border-box;">
                                    <a href="http://localhost/password/reset/da2fa1a12cfa19d49b6ae6cabd7e50eaa6976fa1583ca6ab34f2fc8d683c55df?email=nikolaeviclol%40gmail.com" class="button button-primary" target="_blank" style="font-family: -apple-system, BlinkMacSystemFont, 'Segoe UI', Roboto, Helvetica, Arial, sans-serif, 'Apple Color Emoji', 'Segoe UI Emoji', 'Segoe UI Symbol'; box-sizing: border-box; border-radius: 3px; box-shadow: 0 2px 3px rgba(0, 0, 0, 0.16); color: #fff; display: inline-block; text-decoration: none; -webkit-text-size-adjust: none; background-color: #3490dc; border-top: 10px solid #3490dc; border-right: 18px solid #3490dc; border-bottom: 10px solid #3490dc; border-left: 18px solid #3490dc;">Reset Password</a>
                                </td>
                            </tr>
                        </table>
                    </td>
                </tr>
            </table>
        </td>
    </tr>
</table>
<p style="font-family: -apple-system, BlinkMacSystemFont, 'Segoe UI', Roboto, Helvetica, Arial, sans-serif, 'Apple Color Emoji', 'Segoe UI Emoji', 'Segoe UI Symbol'; box-sizing: border-box; color: #3d4852; font-size: 16px; line-height: 1.5em; margin-top: 0; text-align: left;">This password reset link will expire in 60 minutes.</p>
<p style="font-family: -apple-system, BlinkMacSystemFont, 'Segoe UI', Roboto, Helvetica, Arial, sans-serif, 'Apple Color Emoji', 'Segoe UI Emoji', 'Segoe UI Symbol'; box-sizing: border-box; color: #3d4852; font-size: 16px; line-height: 1.5em; margin-top: 0; text-align: left;">If you did not request a password reset, no further action is required.</p>
<p style="font-family: -apple-system, BlinkMacSystemFont, 'Segoe UI', Roboto, Helvetica, Arial, sans-serif, 'Apple Color Emoji', 'Segoe UI Emoji', 'Segoe UI Symbol'; box-sizing: border-box; color: #3d4852; font-size: 16px; line-height: 1.5em; margin-top: 0; text-align: left;">Regards,<br>
Laravel</p>

                                        <table class="subcopy" width="100%" cellpadding="0" cellspacing="0" role="presentation" style="font-family: -apple-system, BlinkMacSystemFont, 'Segoe UI', Roboto, Helvetica, Arial, sans-serif, 'Apple Color Emoji', 'Segoe UI Emoji', 'Segoe UI Symbol'; box-sizing: border-box; border-top: 1px solid #edeff2; margin-top: 25px; padding-top: 25px;">
    <tr>
        <td style="font-family: -apple-system, BlinkMacSystemFont, 'Segoe UI', Roboto, Helvetica, Arial, sans-serif, 'Apple Color Emoji', 'Segoe UI Emoji', 'Segoe UI Symbol'; box-sizing: border-box;">
            <p style="font-family: -apple-system, BlinkMacSystemFont, 'Segoe UI', Roboto, Helvetica, Arial, sans-serif, 'Apple Color Emoji', 'Segoe UI Emoji', 'Segoe UI Symbol'; box-sizing: border-box; color: #3d4852; line-height: 1.5em; margin-top: 0; text-align: left; font-size: 12px;">If youre having trouble clicking the "Reset Password" button, copy and paste the URL below
into your web browser: <a href="http://localhost/password/reset/da2fa1a12cfa19d49b6ae6cabd7e50eaa6976fa1583ca6ab34f2fc8d683c55df?email=nikolaeviclol%40gmail.com" style="font-family: -apple-system, BlinkMacSystemFont, 'Segoe UI', Roboto, Helvetica, Arial, sans-serif, 'Apple Color Emoji', 'Segoe UI Emoji', 'Segoe UI Symbol'; box-sizing: border-box; color: #3869d4;">http://localhost/password/reset/da2fa1a12cfa19d49b6ae6cabd7e50eaa6976fa1583ca6ab34f2fc8d683c55df?email=nikolaeviclol%40gmail.com</a></p>
        </td>
    </tr>
</table>
                                    </td>
                                </tr>
                            </table>
                        </td>
                    </tr>

                    <tr>
    <td style="font-family: -apple-system, BlinkMacSystemFont, 'Segoe UI', Roboto, Helvetica, Arial, sans-serif, 'Apple Color Emoji', 'Segoe UI Emoji', 'Segoe UI Symbol'; box-sizing: border-box;">
        <table class="footer" align="center" width="570" cellpadding="0" cellspacing="0" role="presentation" style="font-family: -apple-system, BlinkMacSystemFont, 'Segoe UI', Roboto, Helvetica, Arial, sans-serif, 'Apple Color Emoji', 'Segoe UI Emoji', 'Segoe UI Symbol'; box-sizing: border-box; margin: 0 auto; padding: 0; text-align: center; width: 570px; -premailer-cellpadding: 0; -premailer-cellspacing: 0; -premailer-width: 570px;">
            <tr>
                <td class="content-cell" align="center" style="font-family: -apple-system, BlinkMacSystemFont, 'Segoe UI', Roboto, Helvetica, Arial, sans-serif, 'Apple Color Emoji', 'Segoe UI Emoji', 'Segoe UI Symbol'; box-sizing: border-box; padding: 35px;">
                    <p style="font-family: -apple-system, BlinkMacSystemFont, 'Segoe UI', Roboto, Helvetica, Arial, sans-serif, 'Apple Color Emoji', 'Segoe UI Emoji', 'Segoe UI Symbol'; box-sizing: border-box; line-height: 1.5em; margin-top: 0; color: #aeaeae; font-size: 12px; text-align: center;"> 2020 Laravel. All rights reserved.</p>
                </td>
            </tr>
        </table>
    </td>
</tr>
                </table>
            </td>
        </tr>
    </table>
</body>
</html>

Content-Type: text/plain; charset=utf-8
Content-Transfer-Encoding: quoted-printable

[Laravel](http://localhost)

# Hello!

You are receiving this email because we received a password reset request for your account.

Reset Password: http://localhost/password/reset/da2fa1a12cfa19d49b6ae6cabd7e50eaa6976fa1583ca6ab34f2fc8d683c55df?email=nikolaeviclol%40gmail.com

This password reset link will expire in 60 minutes.

If you did not request a password reset, no further action is required.

Regards,
Laravel

If youre having trouble clicking the "Reset Password" button, copy and paste the URL below
into your web browser: [http://localhost/password/reset/da2fa1a12cfa19d49b6ae6cabd7e50eaa6976fa1583ca6ab34f2fc8d683c55df?email=nikolaeviclol%40gmail.com](http://localhost/password/reset/da2fa1a12cfa19d49b6ae6cabd7e50eaa6976fa1583ca6ab34f2fc8d683c55df?email=nikolaeviclol%40gmail.com)

 2020 Laravel. All rights reserved.
  
[2020-01-30 01:43:32] local.DEBUG: Message-ID: <5f31121fca9f342033ec3fa3fc6ba7c1@127.0.0.1>
Date: Thu, 30 Jan 2020 01:43:32 +0000
Subject: Verify Email Address
From: Example <hello@example.com>
To: edanroco@gmail.com
MIME-Version: 1.0
Content-Type: multipart/alternative;
 boundary="_=_swift_1580348612_0ba575fa672a58ecc12ccb4ecf8dd7d6_=_"

<!DOCTYPE html PUBLIC "-//W3C//DTD XHTML 1.0 Transitional//EN" "http://www.w3.org/TR/xhtml1/DTD/xhtml1-transitional.dtd">
<html xmlns="http://www.w3.org/1999/xhtml">
<head>
    <meta name="viewport" content="width=device-width, initial-scale=1.0">
    <meta http-equiv="Content-Type" content="text/html; charset=UTF-8">
</head>
<body style="font-family: -apple-system, BlinkMacSystemFont, 'Segoe UI', Roboto, Helvetica, Arial, sans-serif, 'Apple Color Emoji', 'Segoe UI Emoji', 'Segoe UI Symbol'; box-sizing: border-box; background-color: #f8fafc; color: #74787e; height: 100%; hyphens: auto; line-height: 1.4; margin: 0; -moz-hyphens: auto; -ms-word-break: break-all; width: 100% !important; -webkit-hyphens: auto; -webkit-text-size-adjust: none; word-break: break-word;">
    <style>
        @media  only screen and (max-width: 600px) {
            .inner-body {
                width: 100% !important;
            }

            .footer {
                width: 100% !important;
            }
        }

        @media  only screen and (max-width: 500px) {
            .button {
                width: 100% !important;
            }
        }
    </style>

    <table class="wrapper" width="100%" cellpadding="0" cellspacing="0" role="presentation" style="font-family: -apple-system, BlinkMacSystemFont, 'Segoe UI', Roboto, Helvetica, Arial, sans-serif, 'Apple Color Emoji', 'Segoe UI Emoji', 'Segoe UI Symbol'; box-sizing: border-box; background-color: #f8fafc; margin: 0; padding: 0; width: 100%; -premailer-cellpadding: 0; -premailer-cellspacing: 0; -premailer-width: 100%;">
        <tr>
            <td align="center" style="font-family: -apple-system, BlinkMacSystemFont, 'Segoe UI', Roboto, Helvetica, Arial, sans-serif, 'Apple Color Emoji', 'Segoe UI Emoji', 'Segoe UI Symbol'; box-sizing: border-box;">
                <table class="content" width="100%" cellpadding="0" cellspacing="0" role="presentation" style="font-family: -apple-system, BlinkMacSystemFont, 'Segoe UI', Roboto, Helvetica, Arial, sans-serif, 'Apple Color Emoji', 'Segoe UI Emoji', 'Segoe UI Symbol'; box-sizing: border-box; margin: 0; padding: 0; width: 100%; -premailer-cellpadding: 0; -premailer-cellspacing: 0; -premailer-width: 100%;">
                    <tr>
    <td class="header" style="font-family: -apple-system, BlinkMacSystemFont, 'Segoe UI', Roboto, Helvetica, Arial, sans-serif, 'Apple Color Emoji', 'Segoe UI Emoji', 'Segoe UI Symbol'; box-sizing: border-box; padding: 25px 0; text-align: center;">
        <a href="http://localhost" style="font-family: -apple-system, BlinkMacSystemFont, 'Segoe UI', Roboto, Helvetica, Arial, sans-serif, 'Apple Color Emoji', 'Segoe UI Emoji', 'Segoe UI Symbol'; box-sizing: border-box; color: #bbbfc3; font-size: 19px; font-weight: bold; text-decoration: none; text-shadow: 0 1px 0 white;">
            Laravel
        </a>
    </td>
</tr>

                    <!-- Email Body -->
                    <tr>
                        <td class="body" width="100%" cellpadding="0" cellspacing="0" style="font-family: -apple-system, BlinkMacSystemFont, 'Segoe UI', Roboto, Helvetica, Arial, sans-serif, 'Apple Color Emoji', 'Segoe UI Emoji', 'Segoe UI Symbol'; box-sizing: border-box; background-color: #ffffff; border-bottom: 1px solid #edeff2; border-top: 1px solid #edeff2; margin: 0; padding: 0; width: 100%; -premailer-cellpadding: 0; -premailer-cellspacing: 0; -premailer-width: 100%;">
                            <table class="inner-body" align="center" width="570" cellpadding="0" cellspacing="0" role="presentation" style="font-family: -apple-system, BlinkMacSystemFont, 'Segoe UI', Roboto, Helvetica, Arial, sans-serif, 'Apple Color Emoji', 'Segoe UI Emoji', 'Segoe UI Symbol'; box-sizing: border-box; background-color: #ffffff; margin: 0 auto; padding: 0; width: 570px; -premailer-cellpadding: 0; -premailer-cellspacing: 0; -premailer-width: 570px;">
                                <!-- Body content -->
                                <tr>
                                    <td class="content-cell" style="font-family: -apple-system, BlinkMacSystemFont, 'Segoe UI', Roboto, Helvetica, Arial, sans-serif, 'Apple Color Emoji', 'Segoe UI Emoji', 'Segoe UI Symbol'; box-sizing: border-box; padding: 35px;">
                                        <h1 style="font-family: -apple-system, BlinkMacSystemFont, 'Segoe UI', Roboto, Helvetica, Arial, sans-serif, 'Apple Color Emoji', 'Segoe UI Emoji', 'Segoe UI Symbol'; box-sizing: border-box; color: #3d4852; font-size: 19px; font-weight: bold; margin-top: 0; text-align: left;">Hello!</h1>
<p style="font-family: -apple-system, BlinkMacSystemFont, 'Segoe UI', Roboto, Helvetica, Arial, sans-serif, 'Apple Color Emoji', 'Segoe UI Emoji', 'Segoe UI Symbol'; box-sizing: border-box; color: #3d4852; font-size: 16px; line-height: 1.5em; margin-top: 0; text-align: left;">Please click the button below to verify your email address.</p>
<table class="action" align="center" width="100%" cellpadding="0" cellspacing="0" role="presentation" style="font-family: -apple-system, BlinkMacSystemFont, 'Segoe UI', Roboto, Helvetica, Arial, sans-serif, 'Apple Color Emoji', 'Segoe UI Emoji', 'Segoe UI Symbol'; box-sizing: border-box; margin: 30px auto; padding: 0; text-align: center; width: 100%; -premailer-cellpadding: 0; -premailer-cellspacing: 0; -premailer-width: 100%;">
    <tr>
        <td align="center" style="font-family: -apple-system, BlinkMacSystemFont, 'Segoe UI', Roboto, Helvetica, Arial, sans-serif, 'Apple Color Emoji', 'Segoe UI Emoji', 'Segoe UI Symbol'; box-sizing: border-box;">
            <table width="100%" border="0" cellpadding="0" cellspacing="0" role="presentation" style="font-family: -apple-system, BlinkMacSystemFont, 'Segoe UI', Roboto, Helvetica, Arial, sans-serif, 'Apple Color Emoji', 'Segoe UI Emoji', 'Segoe UI Symbol'; box-sizing: border-box;">
                <tr>
                    <td align="center" style="font-family: -apple-system, BlinkMacSystemFont, 'Segoe UI', Roboto, Helvetica, Arial, sans-serif, 'Apple Color Emoji', 'Segoe UI Emoji', 'Segoe UI Symbol'; box-sizing: border-box;">
                        <table border="0" cellpadding="0" cellspacing="0" role="presentation" style="font-family: -apple-system, BlinkMacSystemFont, 'Segoe UI', Roboto, Helvetica, Arial, sans-serif, 'Apple Color Emoji', 'Segoe UI Emoji', 'Segoe UI Symbol'; box-sizing: border-box;">
                            <tr>
                                <td style="font-family: -apple-system, BlinkMacSystemFont, 'Segoe UI', Roboto, Helvetica, Arial, sans-serif, 'Apple Color Emoji', 'Segoe UI Emoji', 'Segoe UI Symbol'; box-sizing: border-box;">
                                    <a href="http://127.0.0.1:8000/email/verify/2?expires=1580352212&amp;signature=3565cea927f4a902170b1a535bafdabaaa9300da8ad5a47b5076da7655185e24" class="button button-primary" target="_blank" style="font-family: -apple-system, BlinkMacSystemFont, 'Segoe UI', Roboto, Helvetica, Arial, sans-serif, 'Apple Color Emoji', 'Segoe UI Emoji', 'Segoe UI Symbol'; box-sizing: border-box; border-radius: 3px; box-shadow: 0 2px 3px rgba(0, 0, 0, 0.16); color: #fff; display: inline-block; text-decoration: none; -webkit-text-size-adjust: none; background-color: #3490dc; border-top: 10px solid #3490dc; border-right: 18px solid #3490dc; border-bottom: 10px solid #3490dc; border-left: 18px solid #3490dc;">Verify Email Address</a>
                                </td>
                            </tr>
                        </table>
                    </td>
                </tr>
            </table>
        </td>
    </tr>
</table>
<p style="font-family: -apple-system, BlinkMacSystemFont, 'Segoe UI', Roboto, Helvetica, Arial, sans-serif, 'Apple Color Emoji', 'Segoe UI Emoji', 'Segoe UI Symbol'; box-sizing: border-box; color: #3d4852; font-size: 16px; line-height: 1.5em; margin-top: 0; text-align: left;">If you did not create an account, no further action is required.</p>
<p style="font-family: -apple-system, BlinkMacSystemFont, 'Segoe UI', Roboto, Helvetica, Arial, sans-serif, 'Apple Color Emoji', 'Segoe UI Emoji', 'Segoe UI Symbol'; box-sizing: border-box; color: #3d4852; font-size: 16px; line-height: 1.5em; margin-top: 0; text-align: left;">Regards,<br>
Laravel</p>

                                        <table class="subcopy" width="100%" cellpadding="0" cellspacing="0" role="presentation" style="font-family: -apple-system, BlinkMacSystemFont, 'Segoe UI', Roboto, Helvetica, Arial, sans-serif, 'Apple Color Emoji', 'Segoe UI Emoji', 'Segoe UI Symbol'; box-sizing: border-box; border-top: 1px solid #edeff2; margin-top: 25px; padding-top: 25px;">
    <tr>
        <td style="font-family: -apple-system, BlinkMacSystemFont, 'Segoe UI', Roboto, Helvetica, Arial, sans-serif, 'Apple Color Emoji', 'Segoe UI Emoji', 'Segoe UI Symbol'; box-sizing: border-box;">
            <p style="font-family: -apple-system, BlinkMacSystemFont, 'Segoe UI', Roboto, Helvetica, Arial, sans-serif, 'Apple Color Emoji', 'Segoe UI Emoji', 'Segoe UI Symbol'; box-sizing: border-box; color: #3d4852; line-height: 1.5em; margin-top: 0; text-align: left; font-size: 12px;">If youre having trouble clicking the "Verify Email Address" button, copy and paste the URL below
into your web browser: <a href="http://127.0.0.1:8000/email/verify/2?expires=1580352212&amp;signature=3565cea927f4a902170b1a535bafdabaaa9300da8ad5a47b5076da7655185e24" style="font-family: -apple-system, BlinkMacSystemFont, 'Segoe UI', Roboto, Helvetica, Arial, sans-serif, 'Apple Color Emoji', 'Segoe UI Emoji', 'Segoe UI Symbol'; box-sizing: border-box; color: #3869d4;">http://127.0.0.1:8000/email/verify/2?expires=1580352212&amp;signature=3565cea927f4a902170b1a535bafdabaaa9300da8ad5a47b5076da7655185e24</a></p>
        </td>
    </tr>
</table>
                                    </td>
                                </tr>
                            </table>
                        </td>
                    </tr>

                    <tr>
    <td style="font-family: -apple-system, BlinkMacSystemFont, 'Segoe UI', Roboto, Helvetica, Arial, sans-serif, 'Apple Color Emoji', 'Segoe UI Emoji', 'Segoe UI Symbol'; box-sizing: border-box;">
        <table class="footer" align="center" width="570" cellpadding="0" cellspacing="0" role="presentation" style="font-family: -apple-system, BlinkMacSystemFont, 'Segoe UI', Roboto, Helvetica, Arial, sans-serif, 'Apple Color Emoji', 'Segoe UI Emoji', 'Segoe UI Symbol'; box-sizing: border-box; margin: 0 auto; padding: 0; text-align: center; width: 570px; -premailer-cellpadding: 0; -premailer-cellspacing: 0; -premailer-width: 570px;">
            <tr>
                <td class="content-cell" align="center" style="font-family: -apple-system, BlinkMacSystemFont, 'Segoe UI', Roboto, Helvetica, Arial, sans-serif, 'Apple Color Emoji', 'Segoe UI Emoji', 'Segoe UI Symbol'; box-sizing: border-box; padding: 35px;">
                    <p style="font-family: -apple-system, BlinkMacSystemFont, 'Segoe UI', Roboto, Helvetica, Arial, sans-serif, 'Apple Color Emoji', 'Segoe UI Emoji', 'Segoe UI Symbol'; box-sizing: border-box; line-height: 1.5em; margin-top: 0; color: #aeaeae; font-size: 12px; text-align: center;"> 2020 Laravel. All rights reserved.</p>
                </td>
            </tr>
        </table>
    </td>
</tr>
                </table>
            </td>
        </tr>
    </table>
</body>
</html>

Content-Type: text/plain; charset=utf-8
Content-Transfer-Encoding: quoted-printable

[Laravel](http://localhost)

# Hello!

Please click the button below to verify your email address.

Verify Email Address: http://127.0.0.1:8000/email/verify/2?expires=1580352212&signature=3565cea927f4a902170b1a535bafdabaaa9300da8ad5a47b5076da7655185e24

If you did not create an account, no further action is required.

Regards,
Laravel

If youre having trouble clicking the "Verify Email Address" button, copy and paste the URL below
into your web browser: [http://127.0.0.1:8000/email/verify/2?expires=1580352212&signature=3565cea927f4a902170b1a535bafdabaaa9300da8ad5a47b5076da7655185e24](http://127.0.0.1:8000/email/verify/2?expires=1580352212&signature=3565cea927f4a902170b1a535bafdabaaa9300da8ad5a47b5076da7655185e24)

 2020 Laravel. All rights reserved.
  
[2020-01-30 01:44:54] local.DEBUG: Message-ID: <fcc6d6472bf06ee552cc123f05f05c7a@127.0.0.1>
Date: Thu, 30 Jan 2020 01:44:54 +0000
Subject: Verify Email Address
From: Example <hello@example.com>
To: edanroco@gmail.com
MIME-Version: 1.0
Content-Type: multipart/alternative;
 boundary="_=_swift_1580348694_6b757e382a8248fdc530c1a8966b0023_=_"

<!DOCTYPE html PUBLIC "-//W3C//DTD XHTML 1.0 Transitional//EN" "http://www.w3.org/TR/xhtml1/DTD/xhtml1-transitional.dtd">
<html xmlns="http://www.w3.org/1999/xhtml">
<head>
    <meta name="viewport" content="width=device-width, initial-scale=1.0">
    <meta http-equiv="Content-Type" content="text/html; charset=UTF-8">
</head>
<body style="font-family: -apple-system, BlinkMacSystemFont, 'Segoe UI', Roboto, Helvetica, Arial, sans-serif, 'Apple Color Emoji', 'Segoe UI Emoji', 'Segoe UI Symbol'; box-sizing: border-box; background-color: #f8fafc; color: #74787e; height: 100%; hyphens: auto; line-height: 1.4; margin: 0; -moz-hyphens: auto; -ms-word-break: break-all; width: 100% !important; -webkit-hyphens: auto; -webkit-text-size-adjust: none; word-break: break-word;">
    <style>
        @media  only screen and (max-width: 600px) {
            .inner-body {
                width: 100% !important;
            }

            .footer {
                width: 100% !important;
            }
        }

        @media  only screen and (max-width: 500px) {
            .button {
                width: 100% !important;
            }
        }
    </style>

    <table class="wrapper" width="100%" cellpadding="0" cellspacing="0" role="presentation" style="font-family: -apple-system, BlinkMacSystemFont, 'Segoe UI', Roboto, Helvetica, Arial, sans-serif, 'Apple Color Emoji', 'Segoe UI Emoji', 'Segoe UI Symbol'; box-sizing: border-box; background-color: #f8fafc; margin: 0; padding: 0; width: 100%; -premailer-cellpadding: 0; -premailer-cellspacing: 0; -premailer-width: 100%;">
        <tr>
            <td align="center" style="font-family: -apple-system, BlinkMacSystemFont, 'Segoe UI', Roboto, Helvetica, Arial, sans-serif, 'Apple Color Emoji', 'Segoe UI Emoji', 'Segoe UI Symbol'; box-sizing: border-box;">
                <table class="content" width="100%" cellpadding="0" cellspacing="0" role="presentation" style="font-family: -apple-system, BlinkMacSystemFont, 'Segoe UI', Roboto, Helvetica, Arial, sans-serif, 'Apple Color Emoji', 'Segoe UI Emoji', 'Segoe UI Symbol'; box-sizing: border-box; margin: 0; padding: 0; width: 100%; -premailer-cellpadding: 0; -premailer-cellspacing: 0; -premailer-width: 100%;">
                    <tr>
    <td class="header" style="font-family: -apple-system, BlinkMacSystemFont, 'Segoe UI', Roboto, Helvetica, Arial, sans-serif, 'Apple Color Emoji', 'Segoe UI Emoji', 'Segoe UI Symbol'; box-sizing: border-box; padding: 25px 0; text-align: center;">
        <a href="http://localhost" style="font-family: -apple-system, BlinkMacSystemFont, 'Segoe UI', Roboto, Helvetica, Arial, sans-serif, 'Apple Color Emoji', 'Segoe UI Emoji', 'Segoe UI Symbol'; box-sizing: border-box; color: #bbbfc3; font-size: 19px; font-weight: bold; text-decoration: none; text-shadow: 0 1px 0 white;">
            Laravel
        </a>
    </td>
</tr>

                    <!-- Email Body -->
                    <tr>
                        <td class="body" width="100%" cellpadding="0" cellspacing="0" style="font-family: -apple-system, BlinkMacSystemFont, 'Segoe UI', Roboto, Helvetica, Arial, sans-serif, 'Apple Color Emoji', 'Segoe UI Emoji', 'Segoe UI Symbol'; box-sizing: border-box; background-color: #ffffff; border-bottom: 1px solid #edeff2; border-top: 1px solid #edeff2; margin: 0; padding: 0; width: 100%; -premailer-cellpadding: 0; -premailer-cellspacing: 0; -premailer-width: 100%;">
                            <table class="inner-body" align="center" width="570" cellpadding="0" cellspacing="0" role="presentation" style="font-family: -apple-system, BlinkMacSystemFont, 'Segoe UI', Roboto, Helvetica, Arial, sans-serif, 'Apple Color Emoji', 'Segoe UI Emoji', 'Segoe UI Symbol'; box-sizing: border-box; background-color: #ffffff; margin: 0 auto; padding: 0; width: 570px; -premailer-cellpadding: 0; -premailer-cellspacing: 0; -premailer-width: 570px;">
                                <!-- Body content -->
                                <tr>
                                    <td class="content-cell" style="font-family: -apple-system, BlinkMacSystemFont, 'Segoe UI', Roboto, Helvetica, Arial, sans-serif, 'Apple Color Emoji', 'Segoe UI Emoji', 'Segoe UI Symbol'; box-sizing: border-box; padding: 35px;">
                                        <h1 style="font-family: -apple-system, BlinkMacSystemFont, 'Segoe UI', Roboto, Helvetica, Arial, sans-serif, 'Apple Color Emoji', 'Segoe UI Emoji', 'Segoe UI Symbol'; box-sizing: border-box; color: #3d4852; font-size: 19px; font-weight: bold; margin-top: 0; text-align: left;">Hello!</h1>
<p style="font-family: -apple-system, BlinkMacSystemFont, 'Segoe UI', Roboto, Helvetica, Arial, sans-serif, 'Apple Color Emoji', 'Segoe UI Emoji', 'Segoe UI Symbol'; box-sizing: border-box; color: #3d4852; font-size: 16px; line-height: 1.5em; margin-top: 0; text-align: left;">Please click the button below to verify your email address.</p>
<table class="action" align="center" width="100%" cellpadding="0" cellspacing="0" role="presentation" style="font-family: -apple-system, BlinkMacSystemFont, 'Segoe UI', Roboto, Helvetica, Arial, sans-serif, 'Apple Color Emoji', 'Segoe UI Emoji', 'Segoe UI Symbol'; box-sizing: border-box; margin: 30px auto; padding: 0; text-align: center; width: 100%; -premailer-cellpadding: 0; -premailer-cellspacing: 0; -premailer-width: 100%;">
    <tr>
        <td align="center" style="font-family: -apple-system, BlinkMacSystemFont, 'Segoe UI', Roboto, Helvetica, Arial, sans-serif, 'Apple Color Emoji', 'Segoe UI Emoji', 'Segoe UI Symbol'; box-sizing: border-box;">
            <table width="100%" border="0" cellpadding="0" cellspacing="0" role="presentation" style="font-family: -apple-system, BlinkMacSystemFont, 'Segoe UI', Roboto, Helvetica, Arial, sans-serif, 'Apple Color Emoji', 'Segoe UI Emoji', 'Segoe UI Symbol'; box-sizing: border-box;">
                <tr>
                    <td align="center" style="font-family: -apple-system, BlinkMacSystemFont, 'Segoe UI', Roboto, Helvetica, Arial, sans-serif, 'Apple Color Emoji', 'Segoe UI Emoji', 'Segoe UI Symbol'; box-sizing: border-box;">
                        <table border="0" cellpadding="0" cellspacing="0" role="presentation" style="font-family: -apple-system, BlinkMacSystemFont, 'Segoe UI', Roboto, Helvetica, Arial, sans-serif, 'Apple Color Emoji', 'Segoe UI Emoji', 'Segoe UI Symbol'; box-sizing: border-box;">
                            <tr>
                                <td style="font-family: -apple-system, BlinkMacSystemFont, 'Segoe UI', Roboto, Helvetica, Arial, sans-serif, 'Apple Color Emoji', 'Segoe UI Emoji', 'Segoe UI Symbol'; box-sizing: border-box;">
                                    <a href="http://127.0.0.1:8000/email/verify/2?expires=1580352294&amp;signature=6fca858b9c1180755d3d9ac5f9d6df12c77337937398e2590ff349dd1b6d28b3" class="button button-primary" target="_blank" style="font-family: -apple-system, BlinkMacSystemFont, 'Segoe UI', Roboto, Helvetica, Arial, sans-serif, 'Apple Color Emoji', 'Segoe UI Emoji', 'Segoe UI Symbol'; box-sizing: border-box; border-radius: 3px; box-shadow: 0 2px 3px rgba(0, 0, 0, 0.16); color: #fff; display: inline-block; text-decoration: none; -webkit-text-size-adjust: none; background-color: #3490dc; border-top: 10px solid #3490dc; border-right: 18px solid #3490dc; border-bottom: 10px solid #3490dc; border-left: 18px solid #3490dc;">Verify Email Address</a>
                                </td>
                            </tr>
                        </table>
                    </td>
                </tr>
            </table>
        </td>
    </tr>
</table>
<p style="font-family: -apple-system, BlinkMacSystemFont, 'Segoe UI', Roboto, Helvetica, Arial, sans-serif, 'Apple Color Emoji', 'Segoe UI Emoji', 'Segoe UI Symbol'; box-sizing: border-box; color: #3d4852; font-size: 16px; line-height: 1.5em; margin-top: 0; text-align: left;">If you did not create an account, no further action is required.</p>
<p style="font-family: -apple-system, BlinkMacSystemFont, 'Segoe UI', Roboto, Helvetica, Arial, sans-serif, 'Apple Color Emoji', 'Segoe UI Emoji', 'Segoe UI Symbol'; box-sizing: border-box; color: #3d4852; font-size: 16px; line-height: 1.5em; margin-top: 0; text-align: left;">Regards,<br>
Laravel</p>

                                        <table class="subcopy" width="100%" cellpadding="0" cellspacing="0" role="presentation" style="font-family: -apple-system, BlinkMacSystemFont, 'Segoe UI', Roboto, Helvetica, Arial, sans-serif, 'Apple Color Emoji', 'Segoe UI Emoji', 'Segoe UI Symbol'; box-sizing: border-box; border-top: 1px solid #edeff2; margin-top: 25px; padding-top: 25px;">
    <tr>
        <td style="font-family: -apple-system, BlinkMacSystemFont, 'Segoe UI', Roboto, Helvetica, Arial, sans-serif, 'Apple Color Emoji', 'Segoe UI Emoji', 'Segoe UI Symbol'; box-sizing: border-box;">
            <p style="font-family: -apple-system, BlinkMacSystemFont, 'Segoe UI', Roboto, Helvetica, Arial, sans-serif, 'Apple Color Emoji', 'Segoe UI Emoji', 'Segoe UI Symbol'; box-sizing: border-box; color: #3d4852; line-height: 1.5em; margin-top: 0; text-align: left; font-size: 12px;">If youre having trouble clicking the "Verify Email Address" button, copy and paste the URL below
into your web browser: <a href="http://127.0.0.1:8000/email/verify/2?expires=1580352294&amp;signature=6fca858b9c1180755d3d9ac5f9d6df12c77337937398e2590ff349dd1b6d28b3" style="font-family: -apple-system, BlinkMacSystemFont, 'Segoe UI', Roboto, Helvetica, Arial, sans-serif, 'Apple Color Emoji', 'Segoe UI Emoji', 'Segoe UI Symbol'; box-sizing: border-box; color: #3869d4;">http://127.0.0.1:8000/email/verify/2?expires=1580352294&amp;signature=6fca858b9c1180755d3d9ac5f9d6df12c77337937398e2590ff349dd1b6d28b3</a></p>
        </td>
    </tr>
</table>
                                    </td>
                                </tr>
                            </table>
                        </td>
                    </tr>

                    <tr>
    <td style="font-family: -apple-system, BlinkMacSystemFont, 'Segoe UI', Roboto, Helvetica, Arial, sans-serif, 'Apple Color Emoji', 'Segoe UI Emoji', 'Segoe UI Symbol'; box-sizing: border-box;">
        <table class="footer" align="center" width="570" cellpadding="0" cellspacing="0" role="presentation" style="font-family: -apple-system, BlinkMacSystemFont, 'Segoe UI', Roboto, Helvetica, Arial, sans-serif, 'Apple Color Emoji', 'Segoe UI Emoji', 'Segoe UI Symbol'; box-sizing: border-box; margin: 0 auto; padding: 0; text-align: center; width: 570px; -premailer-cellpadding: 0; -premailer-cellspacing: 0; -premailer-width: 570px;">
            <tr>
                <td class="content-cell" align="center" style="font-family: -apple-system, BlinkMacSystemFont, 'Segoe UI', Roboto, Helvetica, Arial, sans-serif, 'Apple Color Emoji', 'Segoe UI Emoji', 'Segoe UI Symbol'; box-sizing: border-box; padding: 35px;">
                    <p style="font-family: -apple-system, BlinkMacSystemFont, 'Segoe UI', Roboto, Helvetica, Arial, sans-serif, 'Apple Color Emoji', 'Segoe UI Emoji', 'Segoe UI Symbol'; box-sizing: border-box; line-height: 1.5em; margin-top: 0; color: #aeaeae; font-size: 12px; text-align: center;"> 2020 Laravel. All rights reserved.</p>
                </td>
            </tr>
        </table>
    </td>
</tr>
                </table>
            </td>
        </tr>
    </table>
</body>
</html>

Content-Type: text/plain; charset=utf-8
Content-Transfer-Encoding: quoted-printable

[Laravel](http://localhost)

# Hello!

Please click the button below to verify your email address.

Verify Email Address: http://127.0.0.1:8000/email/verify/2?expires=1580352294&signature=6fca858b9c1180755d3d9ac5f9d6df12c77337937398e2590ff349dd1b6d28b3

If you did not create an account, no further action is required.

Regards,
Laravel

If youre having trouble clicking the "Verify Email Address" button, copy and paste the URL below
into your web browser: [http://127.0.0.1:8000/email/verify/2?expires=1580352294&signature=6fca858b9c1180755d3d9ac5f9d6df12c77337937398e2590ff349dd1b6d28b3](http://127.0.0.1:8000/email/verify/2?expires=1580352294&signature=6fca858b9c1180755d3d9ac5f9d6df12c77337937398e2590ff349dd1b6d28b3)

 2020 Laravel. All rights reserved.
  
